* using log directory '/Users/selcukkorkmaz/Documents/GitHub/bioLeak/.check_runs/bioLeak.Rcheck'
* using R version 4.3.2 (2023-10-31)
* using platform: x86_64-apple-darwin20 (64-bit)
* R was compiled by
    Apple clang version 14.0.0 (clang-1400.0.29.202)
    GNU Fortran (GCC) 12.2.0
* running under: macOS Ventura 13.7.8
* using session charset: ASCII
* using option '--as-cran'
* checking for file 'bioLeak/DESCRIPTION' ... OK
* checking extension type ... Package
* this is package 'bioLeak' version '0.3.5'
* package encoding: UTF-8
* checking CRAN incoming feasibility ... [10s/31s] Note_to_CRAN_maintainers
Maintainer: 'Selcuk Korkmaz <selcukorkmaz@gmail.com>'
* checking package namespace information ... OK
* checking package dependencies ... OK
* checking if this is a source package ... OK
* checking if there is a namespace ... OK
* checking for executable files ... OK
* checking for hidden files and directories ... OK
* checking for portable file names ... OK
* checking for sufficient/correct file permissions ... OK
* checking whether package 'bioLeak' can be installed ... [12s/14s] OK
* checking installed package size ... OK
* checking package directory ... OK
* checking for future file timestamps ... NOTE
unable to verify current time
* checking 'build' directory ... OK
* checking DESCRIPTION meta-information ... OK
* checking top-level files ... OK
* checking for left-over files ... OK
* checking index information ... OK
* checking package subdirectories ... OK
* checking R files for non-ASCII characters ... OK
* checking R files for syntax errors ... OK
* checking whether the package can be loaded ... OK
* checking whether the package can be loaded with stated dependencies ... OK
* checking whether the package can be unloaded cleanly ... OK
* checking whether the namespace can be loaded with stated dependencies ... OK
* checking whether the namespace can be unloaded cleanly ... OK
* checking use of S3 registration ... OK
* checking dependencies in R code ... OK
* checking S3 generic/method consistency ... OK
* checking replacement functions ... OK
* checking foreign function calls ... OK
* checking R code for possible problems ... [27s/31s] OK
* checking Rd files ... OK
* checking Rd metadata ... OK
* checking Rd line widths ... OK
* checking Rd cross-references ... OK
* checking for missing documentation entries ... OK
* checking for code/documentation mismatches ... OK
* checking Rd \usage sections ... OK
* checking Rd contents ... OK
* checking for unstated dependencies in examples ... OK
* checking installed files from 'inst/doc' ... OK
* checking files in 'vignettes' ... OK
* checking examples ... [19s/23s] OK
* checking examples with --run-donttest ... [39s/45s] OK
* checking for unstated dependencies in 'tests' ... OK
* checking tests ... [100s/119s] OK
  Running 'testthat.R' [100s/118s]
* checking for unstated dependencies in vignettes ... OK
* checking package vignettes in 'inst/doc' ... OK
* checking re-building of vignette outputs ... [86s/103s] OK
* checking PDF version of manual ... [9s/10s] OK
* checking HTML version of manual ... NOTE
Found the following HTML validation problems:
LeakClasses.html:4:1 (LeakClasses.Rd:10): Warning: <link> inserting "type" attribute
LeakClasses.html:12:1 (LeakClasses.Rd:10): Warning: <script> proprietary attribute "onload"
LeakClasses.html:12:1 (LeakClasses.Rd:10): Warning: <script> inserting "type" attribute
LeakClasses.html:17:1 (LeakClasses.Rd:10): Warning: <table> lacks "summary" attribute
LeakClasses.html:37:1 (LeakClasses.Rd:15): Warning: <table> lacks "summary" attribute
as_rsample.html:4:1 (as_rsample.Rd:5): Warning: <link> inserting "type" attribute
as_rsample.html:12:1 (as_rsample.Rd:5): Warning: <script> proprietary attribute "onload"
as_rsample.html:12:1 (as_rsample.Rd:5): Warning: <script> inserting "type" attribute
as_rsample.html:17:1 (as_rsample.Rd:5): Warning: <table> lacks "summary" attribute
as_rsample.html:35:1 (as_rsample.Rd:10): Warning: <table> lacks "summary" attribute
audit_leakage.html:4:1 (audit_leakage.Rd:5): Warning: <link> inserting "type" attribute
audit_leakage.html:12:1 (audit_leakage.Rd:5): Warning: <script> proprietary attribute "onload"
audit_leakage.html:12:1 (audit_leakage.Rd:5): Warning: <script> inserting "type" attribute
audit_leakage.html:17:1 (audit_leakage.Rd:5): Warning: <table> lacks "summary" attribute
audit_leakage.html:85:1 (audit_leakage.Rd:46): Warning: <table> lacks "summary" attribute
audit_leakage_by_learner.html:4:1 (audit_leakage_by_learner.Rd:5): Warning: <link> inserting "type" attribute
audit_leakage_by_learner.html:12:1 (audit_leakage_by_learner.Rd:5): Warning: <script> proprietary attribute "onload"
audit_leakage_by_learner.html:12:1 (audit_leakage_by_learner.Rd:5): Warning: <script> inserting "type" attribute
audit_leakage_by_learner.html:17:1 (audit_leakage_by_learner.Rd:5): Warning: <table> lacks "summary" attribute
audit_leakage_by_learner.html:46:1 (audit_leakage_by_learner.Rd:17): Warning: <table> lacks "summary" attribute
audit_report.html:4:1 (audit_report.Rd:5): Warning: <link> inserting "type" attribute
audit_report.html:12:1 (audit_report.Rd:5): Warning: <script> proprietary attribute "onload"
audit_report.html:12:1 (audit_report.Rd:5): Warning: <script> inserting "type" attribute
audit_report.html:17:1 (audit_report.Rd:5): Warning: <table> lacks "summary" attribute
audit_report.html:53:1 (audit_report.Rd:17): Warning: <table> lacks "summary" attribute
benchmark_leakage_suite.html:4:1 (benchmark_leakage_suite.Rd:5): Warning: <link> inserting "type" attribute
benchmark_leakage_suite.html:12:1 (benchmark_leakage_suite.Rd:5): Warning: <script> proprietary attribute "onload"
benchmark_leakage_suite.html:12:1 (benchmark_leakage_suite.Rd:5): Warning: <script> inserting "type" attribute
benchmark_leakage_suite.html:17:1 (benchmark_leakage_suite.Rd:5): Warning: <table> lacks "summary" attribute
benchmark_leakage_suite.html:47:1 (benchmark_leakage_suite.Rd:19): Warning: <table> lacks "summary" attribute
calibration_summary.html:4:1 (calibration_summary.Rd:5): Warning: <link> inserting "type" attribute
calibration_summary.html:12:1 (calibration_summary.Rd:5): Warning: <script> proprietary attribute "onload"
calibration_summary.html:12:1 (calibration_summary.Rd:5): Warning: <script> inserting "type" attribute
calibration_summary.html:17:1 (calibration_summary.Rd:5): Warning: <table> lacks "summary" attribute
calibration_summary.html:36:1 (calibration_summary.Rd:10): Warning: <table> lacks "summary" attribute
check_split_overlap.html:4:1 (check_split_overlap.Rd:5): Warning: <link> inserting "type" attribute
check_split_overlap.html:12:1 (check_split_overlap.Rd:5): Warning: <script> proprietary attribute "onload"
check_split_overlap.html:12:1 (check_split_overlap.Rd:5): Warning: <script> inserting "type" attribute
check_split_overlap.html:17:1 (check_split_overlap.Rd:5): Warning: <table> lacks "summary" attribute
check_split_overlap.html:38:1 (check_split_overlap.Rd:10): Warning: <table> lacks "summary" attribute
confounder_sensitivity.html:4:1 (confounder_sensitivity.Rd:5): Warning: <link> inserting "type" attribute
confounder_sensitivity.html:12:1 (confounder_sensitivity.Rd:5): Warning: <script> proprietary attribute "onload"
confounder_sensitivity.html:12:1 (confounder_sensitivity.Rd:5): Warning: <script> inserting "type" attribute
confounder_sensitivity.html:17:1 (confounder_sensitivity.Rd:5): Warning: <table> lacks "summary" attribute
confounder_sensitivity.html:45:1 (confounder_sensitivity.Rd:19): Warning: <table> lacks "summary" attribute
cv_ci.html:4:1 (cv_ci.Rd:5): Warning: <link> inserting "type" attribute
cv_ci.html:12:1 (cv_ci.Rd:5): Warning: <script> proprietary attribute "onload"
cv_ci.html:12:1 (cv_ci.Rd:5): Warning: <script> inserting "type" attribute
cv_ci.html:17:1 (cv_ci.Rd:5): Warning: <table> lacks "summary" attribute
cv_ci.html:43:1 (cv_ci.Rd:16): Warning: <table> lacks "summary" attribute
delta_lsi.html:4:1 (delta_lsi.Rd:5): Warning: <link> inserting "type" attribute
delta_lsi.html:12:1 (delta_lsi.Rd:5): Warning: <script> proprietary attribute "onload"
delta_lsi.html:12:1 (delta_lsi.Rd:5): Warning: <script> inserting "type" attribute
delta_lsi.html:17:1 (delta_lsi.Rd:5): Warning: <table> lacks "summary" attribute
delta_lsi.html:51:1 (delta_lsi.Rd:24): Warning: <table> lacks "summary" attribute
dot-bio_capture_provenance.html:4:1 (dot-bio_capture_provenance.Rd:5): Warning: <link> inserting "type" attribute
dot-bio_capture_provenance.html:12:1 (dot-bio_capture_provenance.Rd:5): Warning: <script> proprietary attribute "onload"
dot-bio_capture_provenance.html:12:1 (dot-bio_capture_provenance.Rd:5): Warning: <script> inserting "type" attribute
dot-bio_capture_provenance.html:17:1 (dot-bio_capture_provenance.Rd:5): Warning: <table> lacks "summary" attribute
dot-bio_capture_provenance.html:19:1 (dot-bio_capture_provenance.Rd:5): Warning: <h2> attribute "id" has invalid value ".bio_capture_provenance"
dot-bio_capture_provenance.html:36:1 (dot-bio_capture_provenance.Rd:10): Warning: <table> lacks "summary" attribute
dot-bio_capture_provenance.html:37:14 (dot-bio_capture_provenance.Rd:10): Warning: <code> attribute "id" has invalid value ".bio_capture_provenance_:_capture_git"
dot-bio_capture_provenance.html:42:14 (dot-bio_capture_provenance.Rd:13): Warning: <code> attribute "id" has invalid value ".bio_capture_provenance_:_capture_hardware"
dot-circular_block_permute.html:4:1 (dot-circular_block_permute.Rd:5): Warning: <link> inserting "type" attribute
dot-circular_block_permute.html:12:1 (dot-circular_block_permute.Rd:5): Warning: <script> proprietary attribute "onload"
dot-circular_block_permute.html:12:1 (dot-circular_block_permute.Rd:5): Warning: <script> inserting "type" attribute
dot-circular_block_permute.html:17:1 (dot-circular_block_permute.Rd:5): Warning: <table> lacks "summary" attribute
dot-circular_block_permute.html:19:1 (dot-circular_block_permute.Rd:5): Warning: <h2> attribute "id" has invalid value ".circular_block_permute"
dot-circular_block_permute.html:37:1 (dot-circular_block_permute.Rd:10): Warning: <table> lacks "summary" attribute
dot-circular_block_permute.html:38:14 (dot-circular_block_permute.Rd:10): Warning: <code> attribute "id" has invalid value ".circular_block_permute_:_idx"
dot-circular_block_permute.html:42:14 (dot-circular_block_permute.Rd:12): Warning: <code> attribute "id" has invalid value ".circular_block_permute_:_block_len"
dot-guard_ensure_levels.html:4:1 (dot-guard_ensure_levels.Rd:5): Warning: <link> inserting "type" attribute
dot-guard_ensure_levels.html:12:1 (dot-guard_ensure_levels.Rd:5): Warning: <script> proprietary attribute "onload"
dot-guard_ensure_levels.html:12:1 (dot-guard_ensure_levels.Rd:5): Warning: <script> inserting "type" attribute
dot-guard_ensure_levels.html:17:1 (dot-guard_ensure_levels.Rd:5): Warning: <table> lacks "summary" attribute
dot-guard_ensure_levels.html:19:1 (dot-guard_ensure_levels.Rd:5): Warning: <h2> attribute "id" has invalid value ".guard_ensure_levels"
dot-guard_ensure_levels.html:37:1 (dot-guard_ensure_levels.Rd:10): Warning: <table> lacks "summary" attribute
dot-guard_ensure_levels.html:38:14 (dot-guard_ensure_levels.Rd:10): Warning: <code> attribute "id" has invalid value ".guard_ensure_levels_:_df"
dot-guard_ensure_levels.html:42:14 (dot-guard_ensure_levels.Rd:12): Warning: <code> attribute "id" has invalid value ".guard_ensure_levels_:_levels_map"
dot-guard_ensure_levels.html:46:14 (dot-guard_ensure_levels.Rd:14): Warning: <code> attribute "id" has invalid value ".guard_ensure_levels_:_dummy_prefix"
dot-guard_fit.html:4:1 (dot-guard_fit.Rd:5): Warning: <link> inserting "type" attribute
dot-guard_fit.html:12:1 (dot-guard_fit.Rd:5): Warning: <script> proprietary attribute "onload"
dot-guard_fit.html:12:1 (dot-guard_fit.Rd:5): Warning: <script> inserting "type" attribute
dot-guard_fit.html:17:1 (dot-guard_fit.Rd:5): Warning: <table> lacks "summary" attribute
dot-guard_fit.html:19:1 (dot-guard_fit.Rd:5): Warning: <h2> attribute "id" has invalid value ".guard_fit"
dot-guard_fit.html:41:1 (dot-guard_fit.Rd:15): Warning: <table> lacks "summary" attribute
dot-guard_fit.html:42:14 (dot-guard_fit.Rd:15): Warning: <code> attribute "id" has invalid value ".guard_fit_:_X"
dot-guard_fit.html:46:14 (dot-guard_fit.Rd:17): Warning: <code> attribute "id" has invalid value ".guard_fit_:_y"
dot-guard_fit.html:50:14 (dot-guard_fit.Rd:19): Warning: <code> attribute "id" has invalid value ".guard_fit_:_steps"
dot-guard_fit.html:54:14 (dot-guard_fit.Rd:21): Warning: <code> attribute "id" has invalid value ".guard_fit_:_task"
dot-nb_corrected_var.html:4:1 (dot-nb_corrected_var.Rd:5): Warning: <link> inserting "type" attribute
dot-nb_corrected_var.html:12:1 (dot-nb_corrected_var.Rd:5): Warning: <script> proprietary attribute "onload"
dot-nb_corrected_var.html:12:1 (dot-nb_corrected_var.Rd:5): Warning: <script> inserting "type" attribute
dot-nb_corrected_var.html:17:1 (dot-nb_corrected_var.Rd:5): Warning: <table> lacks "summary" attribute
dot-nb_corrected_var.html:19:1 (dot-nb_corrected_var.Rd:5): Warning: <h2> attribute "id" has invalid value ".nb_corrected_var"
dot-nb_corrected_var.html:37:1 (dot-nb_corrected_var.Rd:10): Warning: <table> lacks "summary" attribute
dot-nb_corrected_var.html:38:14 (dot-nb_corrected_var.Rd:10): Warning: <code> attribute "id" has invalid value ".nb_corrected_var_:_per_fold_vals"
dot-nb_corrected_var.html:42:14 (dot-nb_corrected_var.Rd:12): Warning: <code> attribute "id" has invalid value ".nb_corrected_var_:_n_train"
dot-nb_corrected_var.html:47:14 (dot-nb_corrected_var.Rd:15): Warning: <code> attribute "id" has invalid value ".nb_corrected_var_:_n_test"
dot-permute_labels_factory.html:4:1 (dot-permute_labels_factory.Rd:5): Warning: <link> inserting "type" attribute
dot-permute_labels_factory.html:12:1 (dot-permute_labels_factory.Rd:5): Warning: <script> proprietary attribute "onload"
dot-permute_labels_factory.html:12:1 (dot-permute_labels_factory.Rd:5): Warning: <script> inserting "type" attribute
dot-permute_labels_factory.html:17:1 (dot-permute_labels_factory.Rd:5): Warning: <table> lacks "summary" attribute
dot-permute_labels_factory.html:19:1 (dot-permute_labels_factory.Rd:5): Warning: <h2> attribute "id" has invalid value ".permute_labels_factory"
dot-permute_labels_factory.html:53:1 (dot-permute_labels_factory.Rd:25): Warning: <table> lacks "summary" attribute
dot-permute_labels_factory.html:54:14 (dot-permute_labels_factory.Rd:25): Warning: <code> attribute "id" has invalid value ".permute_labels_factory_:_cd"
dot-permute_labels_factory.html:58:14 (dot-permute_labels_factory.Rd:27): Warning: <code> attribute "id" has invalid value ".permute_labels_factory_:_outcome"
dot-permute_labels_factory.html:62:14 (dot-permute_labels_factory.Rd:29): Warning: <code> attribute "id" has invalid value ".permute_labels_factory_:_mode"
dot-permute_labels_factory.html:66:14 (dot-permute_labels_factory.Rd:31): Warning: <code> attribute "id" has invalid value ".permute_labels_factory_:_folds"
dot-permute_labels_factory.html:72:14 (dot-permute_labels_factory.Rd:35): Warning: <code> attribute "id" has invalid value ".permute_labels_factory_:_perm_stratify"
dot-permute_labels_factory.html:76:14 (dot-permute_labels_factory.Rd:37): Warning: <code> attribute "id" has invalid value ".permute_labels_factory_:_time_block"
dot-permute_labels_factory.html:80:14 (dot-permute_labels_factory.Rd:39): Warning: <code> attribute "id" has invalid value ".permute_labels_factory_:_block_len"
dot-permute_labels_factory.html:84:14 (dot-permute_labels_factory.Rd:41): Warning: <code> attribute "id" has invalid value ".permute_labels_factory_:_seed"
dot-permute_labels_factory.html:88:14 (dot-permute_labels_factory.Rd:43): Warning: <code> attribute "id" has invalid value ".permute_labels_factory_:_group_col"
dot-permute_labels_factory.html:88:85 (dot-permute_labels_factory.Rd:43): Warning: <code> attribute "id" has invalid value ".permute_labels_factory_:_batch_col"
dot-permute_labels_factory.html:88:155 (dot-permute_labels_factory.Rd:43): Warning: <code> attribute "id" has invalid value ".permute_labels_factory_:_study_col"
dot-permute_labels_factory.html:92:14 (dot-permute_labels_factory.Rd:45): Warning: <code> attribute "id" has invalid value ".permute_labels_factory_:_time_col"
dot-permute_labels_factory.html:96:14 (dot-permute_labels_factory.Rd:47): Warning: <code> attribute "id" has invalid value ".permute_labels_factory_:_perm_refit"
dot-permute_labels_factory.html:102:14 (dot-permute_labels_factory.Rd:51): Warning: <code> attribute "id" has invalid value ".permute_labels_factory_:_verbose"
dot-quantile_break_cache.html:4:1 (dot-quantile_break_cache.Rd:6): Warning: <link> inserting "type" attribute
dot-quantile_break_cache.html:12:1 (dot-quantile_break_cache.Rd:6): Warning: <script> proprietary attribute "onload"
dot-quantile_break_cache.html:12:1 (dot-quantile_break_cache.Rd:6): Warning: <script> inserting "type" attribute
dot-quantile_break_cache.html:17:1 (dot-quantile_break_cache.Rd:6): Warning: <table> lacks "summary" attribute
dot-quantile_break_cache.html:19:1 (dot-quantile_break_cache.Rd:6): Warning: <h2> attribute "id" has invalid value ".quantile_break_cache"
dot-stationary_bootstrap.html:4:1 (dot-stationary_bootstrap.Rd:5): Warning: <link> inserting "type" attribute
dot-stationary_bootstrap.html:12:1 (dot-stationary_bootstrap.Rd:5): Warning: <script> proprietary attribute "onload"
dot-stationary_bootstrap.html:12:1 (dot-stationary_bootstrap.Rd:5): Warning: <script> inserting "type" attribute
dot-stationary_bootstrap.html:17:1 (dot-stationary_bootstrap.Rd:5): Warning: <table> lacks "summary" attribute
dot-stationary_bootstrap.html:19:1 (dot-stationary_bootstrap.Rd:5): Warning: <h2> attribute "id" has invalid value ".stationary_bootstrap"
dot-stationary_bootstrap.html:37:1 (dot-stationary_bootstrap.Rd:10): Warning: <table> lacks "summary" attribute
dot-stationary_bootstrap.html:38:14 (dot-stationary_bootstrap.Rd:10): Warning: <code> attribute "id" has invalid value ".stationary_bootstrap_:_idx"
dot-stationary_bootstrap.html:42:14 (dot-stationary_bootstrap.Rd:12): Warning: <code> attribute "id" has invalid value ".stationary_bootstrap_:_mean_block"
fit_resample.html:4:1 (fit_resample.Rd:5): Warning: <link> inserting "type" attribute
fit_resample.html:12:1 (fit_resample.Rd:5): Warning: <script> proprietary attribute "onload"
fit_resample.html:12:1 (fit_resample.Rd:5): Warning: <script> inserting "type" attribute
fit_resample.html:17:1 (fit_resample.Rd:5): Warning: <table> lacks "summary" attribute
fit_resample.html:54:1 (fit_resample.Rd:28): Warning: <table> lacks "summary" attribute
guard_to_recipe.html:4:1 (guard_to_recipe.Rd:5): Warning: <link> inserting "type" attribute
guard_to_recipe.html:12:1 (guard_to_recipe.Rd:5): Warning: <script> proprietary attribute "onload"
guard_to_recipe.html:12:1 (guard_to_recipe.Rd:5): Warning: <script> inserting "type" attribute
guard_to_recipe.html:17:1 (guard_to_recipe.Rd:5): Warning: <table> lacks "summary" attribute
guard_to_recipe.html:37:1 (guard_to_recipe.Rd:10): Warning: <table> lacks "summary" attribute
impute_guarded.html:4:1 (impute_guarded.Rd:5): Warning: <link> inserting "type" attribute
impute_guarded.html:12:1 (impute_guarded.Rd:5): Warning: <script> proprietary attribute "onload"
impute_guarded.html:12:1 (impute_guarded.Rd:5): Warning: <script> inserting "type" attribute
impute_guarded.html:17:1 (impute_guarded.Rd:5): Warning: <table> lacks "summary" attribute
impute_guarded.html:51:1 (impute_guarded.Rd:22): Warning: <table> lacks "summary" attribute
make_split_plan.html:4:1 (make_split_plan.Rd:5): Warning: <link> inserting "type" attribute
make_split_plan.html:12:1 (make_split_plan.Rd:5): Warning: <script> proprietary attribute "onload"
make_split_plan.html:12:1 (make_split_plan.Rd:5): Warning: <script> inserting "type" attribute
make_split_plan.html:17:1 (make_split_plan.Rd:5): Warning: <table> lacks "summary" attribute
make_split_plan.html:62:1 (make_split_plan.Rd:32): Warning: <table> lacks "summary" attribute
plot_calibration.html:4:1 (plot_calibration.Rd:5): Warning: <link> inserting "type" attribute
plot_calibration.html:12:1 (plot_calibration.Rd:5): Warning: <script> proprietary attribute "onload"
plot_calibration.html:12:1 (plot_calibration.Rd:5): Warning: <script> inserting "type" attribute
plot_calibration.html:17:1 (plot_calibration.Rd:5): Warning: <table> lacks "summary" attribute
plot_calibration.html:36:1 (plot_calibration.Rd:10): Warning: <table> lacks "summary" attribute
plot_confounder_sensitivity.html:4:1 (plot_confounder_sensitivity.Rd:5): Warning: <link> inserting "type" attribute
plot_confounder_sensitivity.html:12:1 (plot_confounder_sensitivity.Rd:5): Warning: <script> proprietary attribute "onload"
plot_confounder_sensitivity.html:12:1 (plot_confounder_sensitivity.Rd:5): Warning: <script> inserting "type" attribute
plot_confounder_sensitivity.html:17:1 (plot_confounder_sensitivity.Rd:5): Warning: <table> lacks "summary" attribute
plot_confounder_sensitivity.html:44:1 (plot_confounder_sensitivity.Rd:18): Warning: <table> lacks "summary" attribute
plot_fold_balance.html:4:1 (plot_fold_balance.Rd:5): Warning: <link> inserting "type" attribute
plot_fold_balance.html:12:1 (plot_fold_balance.Rd:5): Warning: <script> proprietary attribute "onload"
plot_fold_balance.html:12:1 (plot_fold_balance.Rd:5): Warning: <script> inserting "type" attribute
plot_fold_balance.html:17:1 (plot_fold_balance.Rd:5): Warning: <table> lacks "summary" attribute
plot_fold_balance.html:40:1 (plot_fold_balance.Rd:10): Warning: <table> lacks "summary" attribute
plot_overlap_checks.html:4:1 (plot_overlap_checks.Rd:5): Warning: <link> inserting "type" attribute
plot_overlap_checks.html:12:1 (plot_overlap_checks.Rd:5): Warning: <script> proprietary attribute "onload"
plot_overlap_checks.html:12:1 (plot_overlap_checks.Rd:5): Warning: <script> inserting "type" attribute
plot_overlap_checks.html:17:1 (plot_overlap_checks.Rd:5): Warning: <table> lacks "summary" attribute
plot_overlap_checks.html:39:1 (plot_overlap_checks.Rd:10): Warning: <table> lacks "summary" attribute
plot_perm_distribution.html:4:1 (plot_perm_distribution.Rd:5): Warning: <link> inserting "type" attribute
plot_perm_distribution.html:12:1 (plot_perm_distribution.Rd:5): Warning: <script> proprietary attribute "onload"
plot_perm_distribution.html:12:1 (plot_perm_distribution.Rd:5): Warning: <script> inserting "type" attribute
plot_perm_distribution.html:17:1 (plot_perm_distribution.Rd:5): Warning: <table> lacks "summary" attribute
plot_perm_distribution.html:36:1 (plot_perm_distribution.Rd:10): Warning: <table> lacks "summary" attribute
plot_time_acf.html:4:1 (plot_time_acf.Rd:5): Warning: <link> inserting "type" attribute
plot_time_acf.html:12:1 (plot_time_acf.Rd:5): Warning: <script> proprietary attribute "onload"
plot_time_acf.html:12:1 (plot_time_acf.Rd:5): Warning: <script> inserting "type" attribute
plot_time_acf.html:17:1 (plot_time_acf.Rd:5): Warning: <table> lacks "summary" attribute
plot_time_acf.html:38:1 (plot_time_acf.Rd:10): Warning: <table> lacks "summary" attribute
predict_guard.html:4:1 (predict_guard.Rd:5): Warning: <link> inserting "type" attribute
predict_guard.html:12:1 (predict_guard.Rd:5): Warning: <script> proprietary attribute "onload"
predict_guard.html:12:1 (predict_guard.Rd:5): Warning: <script> inserting "type" attribute
predict_guard.html:17:1 (predict_guard.Rd:5): Warning: <table> lacks "summary" attribute
predict_guard.html:41:1 (predict_guard.Rd:10): Warning: <table> lacks "summary" attribute
show-LeakSplits-method.html:4:1 (show-LeakSplits-method.Rd:5): Warning: <link> inserting "type" attribute
show-LeakSplits-method.html:12:1 (show-LeakSplits-method.Rd:5): Warning: <script> proprietary attribute "onload"
show-LeakSplits-method.html:12:1 (show-LeakSplits-method.Rd:5): Warning: <script> inserting "type" attribute
show-LeakSplits-method.html:17:1 (show-LeakSplits-method.Rd:5): Warning: <table> lacks "summary" attribute
show-LeakSplits-method.html:19:1 (show-LeakSplits-method.Rd:5): Warning: <h2> attribute "id" has invalid value "show+2CLeakSplits-method"
show-LeakSplits-method.html:36:1 (show-LeakSplits-method.Rd:10): Warning: <table> lacks "summary" attribute
show-LeakSplits-method.html:37:14 (show-LeakSplits-method.Rd:10): Warning: <code> attribute "id" has invalid value "show+2CLeakSplits-method_:_object"
simulate_leakage_suite.html:4:1 (simulate_leakage_suite.Rd:5): Warning: <link> inserting "type" attribute
simulate_leakage_suite.html:12:1 (simulate_leakage_suite.Rd:5): Warning: <script> proprietary attribute "onload"
simulate_leakage_suite.html:12:1 (simulate_leakage_suite.Rd:5): Warning: <script> inserting "type" attribute
simulate_leakage_suite.html:17:1 (simulate_leakage_suite.Rd:5): Warning: <table> lacks "summary" attribute
simulate_leakage_suite.html:62:1 (simulate_leakage_suite.Rd:27): Warning: <table> lacks "summary" attribute
summary.LeakAudit.html:4:1 (summary.LeakAudit.Rd:5): Warning: <link> inserting "type" attribute
summary.LeakAudit.html:12:1 (summary.LeakAudit.Rd:5): Warning: <script> proprietary attribute "onload"
summary.LeakAudit.html:12:1 (summary.LeakAudit.Rd:5): Warning: <script> inserting "type" attribute
summary.LeakAudit.html:17:1 (summary.LeakAudit.Rd:5): Warning: <table> lacks "summary" attribute
summary.LeakAudit.html:42:1 (summary.LeakAudit.Rd:10): Warning: <table> lacks "summary" attribute
summary.LeakDeltaLSI.html:4:1 (summary.LeakDeltaLSI.Rd:5): Warning: <link> inserting "type" attribute
summary.LeakDeltaLSI.html:12:1 (summary.LeakDeltaLSI.Rd:5): Warning: <script> proprietary attribute "onload"
summary.LeakDeltaLSI.html:12:1 (summary.LeakDeltaLSI.Rd:5): Warning: <script> inserting "type" attribute
summary.LeakDeltaLSI.html:17:1 (summary.LeakDeltaLSI.Rd:5): Warning: <table> lacks "summary" attribute
summary.LeakDeltaLSI.html:37:1 (summary.LeakDeltaLSI.Rd:10): Warning: <table> lacks "summary" attribute
summary.LeakFit.html:4:1 (summary.LeakFit.Rd:5): Warning: <link> inserting "type" attribute
summary.LeakFit.html:12:1 (summary.LeakFit.Rd:5): Warning: <script> proprietary attribute "onload"
summary.LeakFit.html:12:1 (summary.LeakFit.Rd:5): Warning: <script> inserting "type" attribute
summary.LeakFit.html:17:1 (summary.LeakFit.Rd:5): Warning: <table> lacks "summary" attribute
summary.LeakFit.html:40:1 (summary.LeakFit.Rd:10): Warning: <table> lacks "summary" attribute
summary.LeakTune.html:4:1 (summary.LeakTune.Rd:5): Warning: <link> inserting "type" attribute
summary.LeakTune.html:12:1 (summary.LeakTune.Rd:5): Warning: <script> proprietary attribute "onload"
summary.LeakTune.html:12:1 (summary.LeakTune.Rd:5): Warning: <script> inserting "type" attribute
summary.LeakTune.html:17:1 (summary.LeakTune.Rd:5): Warning: <table> lacks "summary" attribute
summary.LeakTune.html:39:1 (summary.LeakTune.Rd:10): Warning: <table> lacks "summary" attribute
tune_resample.html:4:1 (tune_resample.Rd:5): Warning: <link> inserting "type" attribute
tune_resample.html:12:1 (tune_resample.Rd:5): Warning: <script> proprietary attribute "onload"
tune_resample.html:12:1 (tune_resample.Rd:5): Warning: <script> inserting "type" attribute
tune_resample.html:17:1 (tune_resample.Rd:5): Warning: <table> lacks "summary" attribute
tune_resample.html:61:1 (tune_resample.Rd:32): Warning: <table> lacks "summary" attribute
tune_resample.html:188:1 (tune_resample.Rd:111): Warning: <table> lacks "summary" attribute
* checking for non-standard things in the check directory ... OK
* checking for detritus in the temp directory ... OK
* DONE
Status: 2 NOTEs
