This is pdfTeX, Version 3.141592653-2.6-1.40.26 (TeX Live 2024) (preloaded format=pdflatex 2024.7.17)  26 MAR 2026 17:02
entering extended mode
 restricted \write18 enabled.
 %&-line parsing enabled.
**\input ./Rd2.tex \input ./Rd2.tex \input ./Rd2.tex
(./Rd2.tex
(/usr/local/texlive/2024/texmf-dist/tex/latex/base/book.cls
Document Class: book 2023/05/17 v1.4n Standard LaTeX document class
(/usr/local/texlive/2024/texmf-dist/tex/latex/base/bk10.clo
File: bk10.clo 2023/05/17 v1.4n Standard LaTeX file (size option)
)
\c@part=\count188
\c@chapter=\count189
\c@section=\count190
\c@subsection=\count191
\c@subsubsection=\count192
\c@paragraph=\count193
\c@subparagraph=\count194
\c@figure=\count195
\c@table=\count196
\abovecaptionskip=\skip48
\belowcaptionskip=\skip49
\bibindent=\dimen140
)
(/Library/Frameworks/R.framework/Resources/share/texmf/tex/latex/Rd.sty
Package: Rd 

(/usr/local/texlive/2024/texmf-dist/tex/latex/base/ifthen.sty
Package: ifthen 2022/04/13 v1.1d Standard LaTeX ifthen package (DPC)
)
(/usr/local/texlive/2024/texmf-dist/tex/latex/tools/longtable.sty
Package: longtable 2023-11-01 v4.19 Multi-page Table package (DPC)
\LTleft=\skip50
\LTright=\skip51
\LTpre=\skip52
\LTpost=\skip53
\LTchunksize=\count197
\LTcapwidth=\dimen141
\LT@head=\box51
\LT@firsthead=\box52
\LT@foot=\box53
\LT@lastfoot=\box54
\LT@gbox=\box55
\LT@cols=\count198
\LT@rows=\count199
\c@LT@tables=\count266
\c@LT@chunks=\count267
\LT@p@ftn=\toks17
)
(/usr/local/texlive/2024/texmf-dist/tex/latex/tools/bm.sty
Package: bm 2023/07/08 v1.2f Bold Symbol Support (DPC/FMi)
\symboldoperators=\mathgroup4
\symboldletters=\mathgroup5
\symboldsymbols=\mathgroup6
Package bm Info: No bold for \OMX/cmex/m/n, using \pmb.
LaTeX Font Info:    Redeclaring math alphabet \mathbf on input line 149.
)
(/usr/local/texlive/2024/texmf-dist/tex/latex/base/alltt.sty
Package: alltt 2021/01/29 v2.0g defines alltt environment
)
(/usr/local/texlive/2024/texmf-dist/tex/latex/tools/verbatim.sty
Package: verbatim 2023-11-06 v1.5v LaTeX2e package for verbatim enhancements
\every@verbatim=\toks18
\verbatim@line=\toks19
\verbatim@in@stream=\read2
)
(/usr/local/texlive/2024/texmf-dist/tex/latex/url/url.sty
\Urlmuskip=\muskip16
Package: url 2013/09/16  ver 3.4  Verb mode for urls, etc.
)
(/usr/local/texlive/2024/texmf-dist/tex/latex/base/textcomp.sty
Package: textcomp 2020/02/02 v2.0n Standard LaTeX package
)
(/usr/local/texlive/2024/texmf-dist/tex/latex/amsmath/amsmath.sty
Package: amsmath 2023/05/13 v2.17o AMS math features
\@mathmargin=\skip54

For additional information on amsmath, use the `?' option.
(/usr/local/texlive/2024/texmf-dist/tex/latex/amsmath/amstext.sty
Package: amstext 2021/08/26 v2.01 AMS text

(/usr/local/texlive/2024/texmf-dist/tex/latex/amsmath/amsgen.sty
File: amsgen.sty 1999/11/30 v2.0 generic functions
\@emptytoks=\toks20
\ex@=\dimen142
))
(/usr/local/texlive/2024/texmf-dist/tex/latex/amsmath/amsbsy.sty
Package: amsbsy 1999/11/29 v1.2d Bold Symbols
LaTeX Info: Redefining \boldsymbol on input line 28.
\pmbraise@=\dimen143
)
(/usr/local/texlive/2024/texmf-dist/tex/latex/amsmath/amsopn.sty
Package: amsopn 2022/04/08 v2.04 operator names
)
\inf@bad=\count268
LaTeX Info: Redefining \frac on input line 234.
\uproot@=\count269
\leftroot@=\count270
LaTeX Info: Redefining \overline on input line 399.
LaTeX Info: Redefining \colon on input line 410.
\classnum@=\count271
\DOTSCASE@=\count272
LaTeX Info: Redefining \ldots on input line 496.
LaTeX Info: Redefining \dots on input line 499.
LaTeX Info: Redefining \cdots on input line 620.
\Mathstrutbox@=\box56
\strutbox@=\box57
LaTeX Info: Redefining \big on input line 722.
LaTeX Info: Redefining \Big on input line 723.
LaTeX Info: Redefining \bigg on input line 724.
LaTeX Info: Redefining \Bigg on input line 725.
\big@size=\dimen144
LaTeX Font Info:    Redeclaring font encoding OML on input line 743.
LaTeX Font Info:    Redeclaring font encoding OMS on input line 744.
\macc@depth=\count273
LaTeX Info: Redefining \bmod on input line 905.
LaTeX Info: Redefining \pmod on input line 910.
LaTeX Info: Redefining \smash on input line 940.
LaTeX Info: Redefining \relbar on input line 970.
LaTeX Info: Redefining \Relbar on input line 971.
\c@MaxMatrixCols=\count274
\dotsspace@=\muskip17
\c@parentequation=\count275
\dspbrk@lvl=\count276
\tag@help=\toks21
\row@=\count277
\column@=\count278
\maxfields@=\count279
\andhelp@=\toks22
\eqnshift@=\dimen145
\alignsep@=\dimen146
\tagshift@=\dimen147
\tagwidth@=\dimen148
\totwidth@=\dimen149
\lineht@=\dimen150
\@envbody=\toks23
\multlinegap=\skip55
\multlinetaggap=\skip56
\mathdisplay@stack=\toks24
LaTeX Info: Redefining \[ on input line 2953.
LaTeX Info: Redefining \] on input line 2954.
)
(/usr/local/texlive/2024/texmf-dist/tex/latex/amsfonts/amsfonts.sty
Package: amsfonts 2013/01/14 v3.01 Basic AMSFonts support
\symAMSa=\mathgroup7
\symAMSb=\mathgroup8
LaTeX Font Info:    Redeclaring math symbol \hbar on input line 98.
LaTeX Font Info:    Overwriting math alphabet `\mathfrak' in version `bold'
(Font)                  U/euf/m/n --> U/euf/b/n on input line 106.
)
(/usr/local/texlive/2024/texmf-dist/tex/latex/amsfonts/amssymb.sty
Package: amssymb 2013/01/14 v3.01 AMS font symbols
)
(/usr/local/texlive/2024/texmf-dist/tex/latex/jknapltx/mathrsfs.sty
Package: mathrsfs 1996/01/01 Math RSFS package v1.0 (jk)
\symrsfs=\mathgroup9
)
\ldescriptionwidth=\skip57

(/usr/local/texlive/2024/texmf-dist/tex/generic/iftex/iftex.sty
Package: iftex 2022/02/03 v1.0f TeX engine tests
)
(/usr/local/texlive/2024/texmf-dist/tex/latex/base/fontenc.sty
Package: fontenc 2021/04/29 v2.0v Standard LaTeX package
)
(/usr/local/texlive/2024/texmf-dist/tex/latex/psnfss/times.sty
Package: times 2020/03/25 PSNFSS-v9.3 (SPQR) 
)
(/usr/local/texlive/2024/texmf-dist/tex/latex/inconsolata/zi4.sty
Package: zi4 2019/05/17 v1.12

`inconsolata-zi4' v1.12, 2019/05/17 Text macros for Inconsolata (msharpe)
(/usr/local/texlive/2024/texmf-dist/tex/latex/xkeyval/xkeyval.sty
Package: xkeyval 2022/06/16 v2.9 package option processing (HA)

(/usr/local/texlive/2024/texmf-dist/tex/generic/xkeyval/xkeyval.tex
(/usr/local/texlive/2024/texmf-dist/tex/generic/xkeyval/xkvutils.tex
\XKV@toks=\toks25
\XKV@tempa@toks=\toks26

(/usr/local/texlive/2024/texmf-dist/tex/generic/xkeyval/keyval.tex))
\XKV@depth=\count280
File: xkeyval.tex 2014/12/03 v2.7a key=value parser (HA)
))
\zifour@ocount=\count281
)
(/usr/local/texlive/2024/texmf-dist/tex/latex/graphics/color.sty
Package: color 2022/01/06 v1.3d Standard LaTeX Color (DPC)

(/usr/local/texlive/2024/texmf-dist/tex/latex/graphics-cfg/color.cfg
File: color.cfg 2016/01/02 v1.6 sample color configuration
)
Package color Info: Driver file: pdftex.def on input line 149.

(/usr/local/texlive/2024/texmf-dist/tex/latex/graphics-def/pdftex.def
File: pdftex.def 2022/09/22 v1.2b Graphics/color driver for pdftex
)
(/usr/local/texlive/2024/texmf-dist/tex/latex/graphics/mathcolor.ltx))
(/usr/local/texlive/2024/texmf-dist/tex/latex/hyperref/hyperref.sty
Package: hyperref 2024-01-20 v7.01h Hypertext links for LaTeX

(/usr/local/texlive/2024/texmf-dist/tex/latex/kvsetkeys/kvsetkeys.sty
Package: kvsetkeys 2022-10-05 v1.19 Key value parser (HO)
)
(/usr/local/texlive/2024/texmf-dist/tex/generic/kvdefinekeys/kvdefinekeys.sty
Package: kvdefinekeys 2019-12-19 v1.6 Define keys (HO)
)
(/usr/local/texlive/2024/texmf-dist/tex/generic/pdfescape/pdfescape.sty
Package: pdfescape 2019/12/09 v1.15 Implements pdfTeX's escape features (HO)

(/usr/local/texlive/2024/texmf-dist/tex/generic/ltxcmds/ltxcmds.sty
Package: ltxcmds 2023-12-04 v1.26 LaTeX kernel commands for general use (HO)
)
(/usr/local/texlive/2024/texmf-dist/tex/generic/pdftexcmds/pdftexcmds.sty
Package: pdftexcmds 2020-06-27 v0.33 Utility functions of pdfTeX for LuaTeX (HO
)

(/usr/local/texlive/2024/texmf-dist/tex/generic/infwarerr/infwarerr.sty
Package: infwarerr 2019/12/03 v1.5 Providing info/warning/error messages (HO)
)
Package pdftexcmds Info: \pdf@primitive is available.
Package pdftexcmds Info: \pdf@ifprimitive is available.
Package pdftexcmds Info: \pdfdraftmode found.
))
(/usr/local/texlive/2024/texmf-dist/tex/latex/hycolor/hycolor.sty
Package: hycolor 2020-01-27 v1.10 Color options for hyperref/bookmark (HO)
)
(/usr/local/texlive/2024/texmf-dist/tex/latex/auxhook/auxhook.sty
Package: auxhook 2019-12-17 v1.6 Hooks for auxiliary files (HO)
)
(/usr/local/texlive/2024/texmf-dist/tex/latex/hyperref/nameref.sty
Package: nameref 2023-11-26 v2.56 Cross-referencing by name of section

(/usr/local/texlive/2024/texmf-dist/tex/latex/refcount/refcount.sty
Package: refcount 2019/12/15 v3.6 Data extraction from label references (HO)
)
(/usr/local/texlive/2024/texmf-dist/tex/generic/gettitlestring/gettitlestring.s
ty
Package: gettitlestring 2019/12/15 v1.6 Cleanup title references (HO)
 (/usr/local/texlive/2024/texmf-dist/tex/latex/kvoptions/kvoptions.sty
Package: kvoptions 2022-06-15 v3.15 Key value format for package options (HO)
))
\c@section@level=\count282
)
(/usr/local/texlive/2024/texmf-dist/tex/latex/etoolbox/etoolbox.sty
Package: etoolbox 2020/10/05 v2.5k e-TeX tools for LaTeX (JAW)
\etb@tempcnta=\count283
)
\@linkdim=\dimen151
\Hy@linkcounter=\count284
\Hy@pagecounter=\count285

(/usr/local/texlive/2024/texmf-dist/tex/latex/hyperref/pd1enc.def
File: pd1enc.def 2024-01-20 v7.01h Hyperref: PDFDocEncoding definition (HO)
Now handling font encoding PD1 ...
... no UTF-8 mapping file for font encoding PD1
)
(/usr/local/texlive/2024/texmf-dist/tex/generic/intcalc/intcalc.sty
Package: intcalc 2019/12/15 v1.3 Expandable calculations with integers (HO)
)
\Hy@SavedSpaceFactor=\count286

(/usr/local/texlive/2024/texmf-dist/tex/latex/hyperref/puenc.def
File: puenc.def 2024-01-20 v7.01h Hyperref: PDF Unicode definition (HO)
Now handling font encoding PU ...
... no UTF-8 mapping file for font encoding PU
)
Package hyperref Info: Hyper figures OFF on input line 4179.
Package hyperref Info: Link nesting OFF on input line 4184.
Package hyperref Info: Hyper index ON on input line 4187.
Package hyperref Info: Plain pages OFF on input line 4194.
Package hyperref Info: Backreferencing OFF on input line 4199.
Package hyperref Info: Implicit mode ON; LaTeX internals redefined.
Package hyperref Info: Bookmarks ON on input line 4446.
\c@Hy@tempcnt=\count287
LaTeX Info: Redefining \url on input line 4784.
\XeTeXLinkMargin=\dimen152

(/usr/local/texlive/2024/texmf-dist/tex/generic/bitset/bitset.sty
Package: bitset 2019/12/09 v1.3 Handle bit-vector datatype (HO)

(/usr/local/texlive/2024/texmf-dist/tex/generic/bigintcalc/bigintcalc.sty
Package: bigintcalc 2019/12/15 v1.5 Expandable calculations on big integers (HO
)
))
\Fld@menulength=\count288
\Field@Width=\dimen153
\Fld@charsize=\dimen154
Package hyperref Info: Hyper figures OFF on input line 6063.
Package hyperref Info: Link nesting OFF on input line 6068.
Package hyperref Info: Hyper index ON on input line 6071.
Package hyperref Info: backreferencing OFF on input line 6078.
Package hyperref Info: Link coloring OFF on input line 6083.
Package hyperref Info: Link coloring with OCG OFF on input line 6088.
Package hyperref Info: PDF/A mode OFF on input line 6093.

(/usr/local/texlive/2024/texmf-dist/tex/latex/base/atbegshi-ltx.sty
Package: atbegshi-ltx 2021/01/10 v1.0c Emulation of the original atbegshi
package with kernel methods
)
\Hy@abspage=\count289
\c@Item=\count290
\c@Hfootnote=\count291
)
Package hyperref Info: Driver (autodetected): hpdftex.

(/usr/local/texlive/2024/texmf-dist/tex/latex/hyperref/hpdftex.def
File: hpdftex.def 2024-01-20 v7.01h Hyperref driver for pdfTeX

(/usr/local/texlive/2024/texmf-dist/tex/latex/base/atveryend-ltx.sty
Package: atveryend-ltx 2020/08/19 v1.0a Emulation of the original atveryend pac
kage
with kernel methods
)
\Fld@listcount=\count292
\c@bookmark@seq@number=\count293

(/usr/local/texlive/2024/texmf-dist/tex/latex/rerunfilecheck/rerunfilecheck.sty
Package: rerunfilecheck 2022-07-10 v1.10 Rerun checks for auxiliary files (HO)

(/usr/local/texlive/2024/texmf-dist/tex/generic/uniquecounter/uniquecounter.sty
Package: uniquecounter 2019/12/15 v1.4 Provide unlimited unique counter (HO)
)
Package uniquecounter Info: New unique counter `rerunfilecheck' on input line 2
85.
)
\Hy@SectionHShift=\skip58
)
Package hyperref Info: Option `colorlinks' set `true' on input line 390.
Package hyperref Info: Option `linktocpage' set `true' on input line 390.
Package hyperref Info: Option `plainpages' set `false' on input line 390.
) (/usr/local/texlive/2024/texmf-dist/tex/latex/base/makeidx.sty
Package: makeidx 2021/10/04 v1.0m Standard LaTeX package
)
(/usr/local/texlive/2024/texmf-dist/tex/latex/base/inputenc.sty
Package: inputenc 2021/02/14 v1.3d Input encoding file
\inpenc@prehook=\toks27
\inpenc@posthook=\toks28
)
\@indexfile=\write3
\openout3 = `Rd2.idx'.


Writing index file Rd2.idx
LaTeX Font Info:    Trying to load font information for T1+ptm on input line 8.

(/usr/local/texlive/2024/texmf-dist/tex/latex/psnfss/t1ptm.fd
File: t1ptm.fd 2001/06/04 font definitions for T1/ptm.
)
(/usr/local/texlive/2024/texmf-dist/tex/latex/l3backend/l3backend-pdftex.def
File: l3backend-pdftex.def 2024-02-20 L3 backend support: PDF output (pdfTeX)
\l__color_backend_stack_int=\count294
\l__pdf_internal_box=\box58
)
(/private/var/folders/dr/pwksczrd3gg7sxbphrjs5twh0000gn/T/RtmpiTwgft/Rd2pdf14d7
05b7a5adc/Rd2.aux)
\openout1 = `Rd2.aux'.

LaTeX Font Info:    Checking defaults for OML/cmm/m/it on input line 8.
LaTeX Font Info:    ... okay on input line 8.
LaTeX Font Info:    Checking defaults for OMS/cmsy/m/n on input line 8.
LaTeX Font Info:    ... okay on input line 8.
LaTeX Font Info:    Checking defaults for OT1/cmr/m/n on input line 8.
LaTeX Font Info:    ... okay on input line 8.
LaTeX Font Info:    Checking defaults for T1/cmr/m/n on input line 8.
LaTeX Font Info:    ... okay on input line 8.
LaTeX Font Info:    Checking defaults for TS1/cmr/m/n on input line 8.
LaTeX Font Info:    ... okay on input line 8.
LaTeX Font Info:    Checking defaults for OMX/cmex/m/n on input line 8.
LaTeX Font Info:    ... okay on input line 8.
LaTeX Font Info:    Checking defaults for U/cmr/m/n on input line 8.
LaTeX Font Info:    ... okay on input line 8.
LaTeX Font Info:    Checking defaults for PD1/pdf/m/n on input line 8.
LaTeX Font Info:    ... okay on input line 8.
LaTeX Font Info:    Checking defaults for PU/pdf/m/n on input line 8.
LaTeX Font Info:    ... okay on input line 8.

(/usr/local/texlive/2024/texmf-dist/tex/context/base/mkii/supp-pdf.mkii
[Loading MPS to PDF converter (version 2006.09.02).]
\scratchcounter=\count295
\scratchdimen=\dimen155
\scratchbox=\box59
\nofMPsegments=\count296
\nofMParguments=\count297
\everyMPshowfont=\toks29
\MPscratchCnt=\count298
\MPscratchDim=\dimen156
\MPnumerator=\count299
\makeMPintoPDFobject=\count300
\everyMPtoPDFconversion=\toks30
)
Package hyperref Info: Link coloring ON on input line 8.

(/private/var/folders/dr/pwksczrd3gg7sxbphrjs5twh0000gn/T/RtmpiTwgft/Rd2pdf14d7
05b7a5adc/Rd2.out)
(/private/var/folders/dr/pwksczrd3gg7sxbphrjs5twh0000gn/T/RtmpiTwgft/Rd2pdf14d7
05b7a5adc/Rd2.out)
\@outlinefile=\write4
\openout4 = `Rd2.out'.

LaTeX Font Info:    Trying to load font information for T1+zi4 on input line 28
.

(/usr/local/texlive/2024/texmf-dist/tex/latex/inconsolata/t1zi4.fd
File: t1zi4.fd 2018/01/14 T1/zi4 (Inconsolata)
)
LaTeX Font Info:    Font shape `T1/zi4/m/n' will be
(Font)              scaled to size 10.0pt on input line 28.
LaTeX Font Info:    Trying to load font information for U+msa on input line 28.


(/usr/local/texlive/2024/texmf-dist/tex/latex/amsfonts/umsa.fd
File: umsa.fd 2013/01/14 v3.01 AMS symbols A
)
LaTeX Font Info:    Trying to load font information for U+msb on input line 28.


(/usr/local/texlive/2024/texmf-dist/tex/latex/amsfonts/umsb.fd
File: umsb.fd 2013/01/14 v3.01 AMS symbols B
)
LaTeX Font Info:    Trying to load font information for U+rsfs on input line 28
.

(/usr/local/texlive/2024/texmf-dist/tex/latex/jknapltx/ursfs.fd
File: ursfs.fd 1998/03/24 rsfs font definition file (jk)
)
LaTeX Font Info:    Trying to load font information for T1+phv on input line 46
.

(/usr/local/texlive/2024/texmf-dist/tex/latex/psnfss/t1phv.fd
File: t1phv.fd 2020/03/25 scalable font definitions for T1/phv.
)
(/private/var/folders/dr/pwksczrd3gg7sxbphrjs5twh0000gn/T/RtmpiTwgft/Rd2pdf14d7
05b7a5adc/Rd2.toc [1


{/usr/local/texlive/2024/texmf-var/fonts/map/pdftex/updmap/pdftex.map}{/usr/loc
al/texlive/2024/texmf-dist/fonts/enc/dvips/base/8r.enc}{/usr/local/texlive/2024
/texmf-dist/fonts/enc/dvips/inconsolata/i4-t1-0.enc}])
\tf@toc=\write5
\openout5 = `Rd2.toc'.


Overfull \hbox (17.11757pt too wide) in paragraph at lines 64--66
[]\T1/ptm/m/n/10 Logical; if TRUE, at-tempts to cap-ture the cur-rent git short
 SHA via []\T1/zi4/m/n/10 system2("git",
 []

[2]
Overfull \hbox (9.97678pt too wide) in paragraph at lines 108--111
[]\T1/ptm/m/n/10 Converts char-ac-ter/logical columns to fac-tors and aligns fa
c-tor lev-els with a training-time []\T1/zi4/m/n/10 levels_map[]\T1/ptm/m/n/10 
.
 []

[3]
LaTeX Font Info:    Trying to load font information for TS1+ptm on input line 1
67.
 (/usr/local/texlive/2024/texmf-dist/tex/latex/psnfss/ts1ptm.fd
File: ts1ptm.fd 2001/06/04 font definitions for TS1/ptm.
)
LaTeX Font Info:    Font shape `T1/zi4/m/n' will be
(Font)              scaled to size 9.0pt on input line 187.
 [4]
Overfull \hbox (38.47618pt too wide) in paragraph at lines 231--235
[]\T1/ptm/m/n/10 Builds a clo-sure that gen-er-ates per-muted out-come vec-tors
 per fold while re-spect-ing group-ing/batch/study/time
 []

[5] [6] [7] [8]
Overfull \hbox (8.08014pt too wide) in paragraph at lines 432--432
 []  \T1/zi4/m/n/10 metric = c("auc", "pr_auc", "accuracy", "macro_f1", "log_lo
ss", "rmse", "cindex"),[] 
 []

[9]
Overfull \hbox (22.58788pt too wide) in paragraph at lines 477--481
[]\T1/ptm/m/n/10 Character scalar. One of `"auc"`, `"pr_auc"`, `"ac-cu-racy"`, 
`"macro_f1"`, `"log_loss"`,
 []


Overfull \hbox (28.38696pt too wide) in paragraph at lines 504--510
\T1/ptm/m/n/10 Op-tional el-e-ments: `out-come` (de-faults to `fit@outcome`), `
pre-pro-cess`, `learner_args`,
 []


Overfull \hbox (3.5367pt too wide) in paragraph at lines 511--515
\T1/ptm/m/n/10 `"time_series"`. De-faults to the split meta-data when avail-abl
e (in-clud-ing rsample-
 []

[10]
Overfull \hbox (47.47655pt too wide) in paragraph at lines 587--591
[]\T1/ptm/m/n/10 Character scalar. Multiple-testing cor-rec-tion method ap-plie
d to fi-nite `tar-get_assoc$p_value`
 []


Overfull \hbox (13.05786pt too wide) in paragraph at lines 592--594
[]\T1/ptm/m/n/10 Numeric scalar in (0,1). Sig-nif-i-cance level used for `flag_
fdr` when `tar-get_p_adjust
 []

[11]
Overfull \hbox (4.01634pt too wide) in paragraph at lines 644--658
\T1/ptm/m/n/10 (`stat`, `df`, `pval`, `cramer_v`). `tar-get_assoc` re-ports fea
ture-wise out-come as-so-ci-a-tions on `X_ref`;
 []


Overfull \hbox (15.01695pt too wide) in paragraph at lines 659--667
[]\T1/ptm/m/n/10 Duplicate de-tec-tion com-pares rows of `X_ref` us-ing the cho
-sen `sim_method` (co-sine on L2-normalized
 []

[12]
Overfull \hbox (27.63805pt too wide) in paragraph at lines 690--697
[]\T1/ptm/m/n/10 Data.frame of per-feature out-come as-so-ci-a-tions with colum
ns: []\T1/zi4/m/n/10 feature[]\T1/ptm/m/n/10 , []\T1/zi4/m/n/10 type []\T1/ptm/
m/n/10 ([]\T1/zi4/m/n/10 "numeric"
 []


Overfull \hbox (13.289pt too wide) in paragraph at lines 690--697
[]\T1/zi4/m/n/10 value[]\T1/ptm/m/n/10 , []\T1/zi4/m/n/10 score []\T1/ptm/m/n/1
0 (scaled ef-fect size), []\T1/zi4/m/n/10 p_value[]\T1/ptm/m/n/10 , []\T1/zi4/m
/n/10 n[]\T1/ptm/m/n/10 , and []\T1/zi4/m/n/10 flag []\T1/ptm/m/n/10 (TRUE if [
]\T1/zi4/m/n/10 score >= target_threshold[]\T1/ptm/m/n/10 ).
 []


Overfull \hbox (4.86696pt too wide) in paragraph at lines 701--704
[]\T1/ptm/m/n/10 List cap-tur-ing au-dit pa-ram-e-ters and in-ter-me-di-ate re-
sults for re-pro-ducibil-ity, in-clud-ing []\T1/zi4/m/n/10 metric[]\T1/ptm/m/n/
10 ,
 []


Overfull \hbox (27.46732pt too wide) in paragraph at lines 704--706
[]\T1/ptm/m/n/10 List with ad-di-tional meta-data in-clud-ing mul-ti-vari-ate s
can re-sults when []\T1/zi4/m/n/10 target_scan_multivariate
 []

[13]
Overfull \hbox (8.08014pt too wide) in paragraph at lines 765--765
 []  \T1/zi4/m/n/10 metric = c("auc", "pr_auc", "accuracy", "macro_f1", "log_lo
ss", "rmse", "cindex"),[] 
 []


Overfull \hbox (22.58788pt too wide) in paragraph at lines 780--783
[]\T1/ptm/m/n/10 Character scalar. One of `"auc"`, `"pr_auc"`, `"ac-cu-racy"`, 
`"macro_f1"`, `"log_loss"`,
 []

[14]
Overfull \hbox (14.06697pt too wide) in paragraph at lines 796--810
\T1/ptm/m/n/10 tions), `perm_stratify` (log-i-cal or `"auto"`), `perm_refit` (l
og-i-cal), `perm_refit_spec`
 []


Overfull \hbox (21.09729pt too wide) in paragraph at lines 796--810
\T1/ptm/m/n/10 te-ger), `re-turn_perm` (log-i-cal), `batch_cols` (char-ac-ter v
ec-tor), `col-data` (data.frame),
 []


Overfull \hbox (4.09712pt too wide) in paragraph at lines 796--810
\T1/ptm/m/n/10 `X_ref` (ma-trix/data.frame), `tar-get_scan` (log-i-cal), `tar-g
et_threshold` (nu-meric),
 []


Overfull \hbox (20.55829pt too wide) in paragraph at lines 814--823
\T1/ptm/m/n/10 Use []\T1/zi4/m/n/10 names() []\T1/ptm/m/n/10 to re-trieve learn
er IDs, and ac-cess in-di-vid-ual au-dits with []\T1/zi4/m/n/10 [[learner_id]] 
[]\T1/ptm/m/n/10 or []\T1/zi4/m/n/10 $learner_id[]\T1/ptm/m/n/10 .
 []

[15]
Overfull \hbox (30.11668pt too wide) in paragraph at lines 893--899
[]\T1/ptm/m/n/10 A [LeakAu-dit] ob-ject from [au-dit_leakage()] or a [Leak-Fit]
 ob-ject from [fit_resample()].
 []


Overfull \hbox (49.36647pt too wide) in paragraph at lines 900--904
[]\T1/ptm/m/n/10 Character scalar. File name for the HTML re-port. De-faults to
 `"bi-oLeak_audit_report.html"`.
 []


Overfull \hbox (21.18684pt too wide) in paragraph at lines 918--925
\T1/ptm/m/n/10 `perm_stratify` (log-i-cal), `batch_cols` (char-ac-ter vec-tor),
 `X_ref` (ma-trix/data.frame),
 []

[16] [17]
Overfull \hbox (31.42029pt too wide) in paragraph at lines 1010--1010
 []  \T1/zi4/m/n/10 leakages = c("none", "subject_overlap", "batch_confounded",
 "peek_norm", "lookahead"),[] 
 []


Overfull \hbox (19.07729pt too wide) in paragraph at lines 1023--1025
[]\T1/ptm/m/n/10 Character vec-tor se-lect-ing pre-de-fined modal-ity pro-files
. Sup-ported val-ues: `"omics"`,
 []


Overfull \hbox (1.7162pt too wide) in paragraph at lines 1046--1050
[]\T1/ptm/m/n/10 A data.frame with one row per sim-u-la-tion seed/scenario and 
columns: `modal-ity`, `leak-age`, `mode`,
 []

[18] [19]
Overfull \hbox (67.50697pt too wide) in paragraph at lines 1136--1138
[]\T1/ptm/m/n/10 A data.frame of sam-ple meta-data. When []\T1/zi4/m/n/10 NULL 
[]\T1/ptm/m/n/10 (de-fault), the func-tion uses []\T1/zi4/m/n/10 splits@info$co
ldata
 []


Overfull \hbox (10.81876pt too wide) in paragraph at lines 1139--1143
\T1/ptm/m/n/10 the func-tion in-fers columns from the split mode (e.g., []\T1/z
i4/m/n/10 group []\T1/ptm/m/n/10 for []\T1/zi4/m/n/10 subject_grouped[]\T1/ptm/
m/n/10 ,
 []

[20]
Overfull \hbox (18.96742pt too wide) in paragraph at lines 1182--1184
[]\T1/ptm/m/n/10 Character vec-tor of columns in `col-data` to eval-u-ate. De-f
aults to com-mon batch/study
 []

[21]
Overfull \hbox (12.02832pt too wide) in paragraph at lines 1264--1266
[]\T1/ptm/m/n/10 Data.frame with columns []\T1/zi4/m/n/10 fold[]\T1/ptm/m/n/10 
, []\T1/zi4/m/n/10 learner[]\T1/ptm/m/n/10 , and one or more nu-meric met-ric c
olumns. 
 []


Overfull \hbox (46.10905pt too wide) in paragraph at lines 1271--1273
[]\T1/ptm/m/n/10 Average num-ber of train-ing sam-ples per fold. Used only when
 []\T1/zi4/m/n/10 method = "nadeau_bengio"[]\T1/ptm/m/n/10 .
 []


Overfull \hbox (28.8891pt too wide) in paragraph at lines 1274--1276
[]\T1/ptm/m/n/10 Average num-ber of test sam-ples per fold. Used only when []\T
1/zi4/m/n/10 method = "nadeau_bengio"[]\T1/ptm/m/n/10 .
 []


Overfull \hbox (34.99854pt too wide) in paragraph at lines 1280--1283
[]\T1/ptm/m/n/10 A data.frame with []\T1/zi4/m/n/10 learner []\T1/ptm/m/n/10 an
d, for each met-ric, columns []\T1/zi4/m/n/10 <metric>_mean[]\T1/ptm/m/n/10 , [
]\T1/zi4/m/n/10 <metric>_sd[]\T1/ptm/m/n/10 , []\T1/zi4/m/n/10 <metric>_ci_lo[]
\T1/ptm/m/n/10 ,
 []

[22]
Overfull \hbox (20.56839pt too wide) in paragraph at lines 1324--1333
\T1/ptm/m/n/10 gether, pre-serv-ing se-rial au-to-cor-re-la-tion un-der the nul
l; see []\T1/zi4/m/n/10 block_size[]\T1/ptm/m/n/10 . []\T1/zi4/m/n/10 "by_group
"
 []


Overfull \hbox (43.35881pt too wide) in paragraph at lines 1346--1354
[]\T1/ptm/m/n/10 Integer or []\T1/zi4/m/n/10 NULL[]\T1/ptm/m/n/10 . Block lengt
h for the block sign-flip test, used only when []\T1/zi4/m/n/10 exchangeability

 []

[23]
Overfull \hbox (24.09653pt too wide) in paragraph at lines 1433--1435
[]\T1/ptm/m/n/10 Performs cross-validated model train-ing and eval-u-a-tion us-
ing leakage-protected pre-pro-cess-ing (.guard_fit)
 []

[24]
Overfull \hbox (26.38962pt too wide) in paragraph at lines 1444--1444
 []    \T1/zi4/m/n/10 "zscore"), filter = list(var_thresh = 0, iqr_thresh = 0),
 fs = list(method = "none")),[] 
 []


Overfull \hbox (0.72862pt too wide) in paragraph at lines 1484--1492
\T1/ptm/m/n/10 tion should ac-cept []\T1/zi4/m/n/10 object[]\T1/ptm/m/n/10 , []
\T1/zi4/m/n/10 newdata[]\T1/ptm/m/n/10 , and []\T1/zi4/m/n/10 task[]\T1/ptm/m/n
/10 . For bi-no-mial/regression/survival
 []

[25]
Overfull \hbox (8.25684pt too wide) in paragraph at lines 1493--1497
[]\T1/ptm/m/n/10 named list of met-ric func-tions, vec-tor of met-ric names, or
 a `yard-stick::metric_set`.
 []


Overfull \hbox (44.23703pt too wide) in paragraph at lines 1515--1520
[]\T1/ptm/m/n/10 Optional named list/character vec-tor or `"auto"` (de-fault) o
ver-rid-ing group/batch/study/time
 []


Overfull \hbox (18.7869pt too wide) in paragraph at lines 1521--1524
\T1/ptm/m/n/10 in-side the fit to en-able refit-based per-mu-ta-tion tests with
-out man-ual `perm_refit_spec`
 []

[26]
Overfull \hbox (31.32895pt too wide) in paragraph at lines 1570--1573
[]\T1/ptm/m/n/10 Character string in-di-cat-ing the task type ([]\T1/zi4/m/n/10
 "binomial"[]\T1/ptm/m/n/10 , []\T1/zi4/m/n/10 "multiclass"[]\T1/ptm/m/n/10 , [
]\T1/zi4/m/n/10 "gaussian"[]\T1/ptm/m/n/10 , or []\T1/zi4/m/n/10 "survival"[]\T
1/ptm/m/n/10 ). 
 []


Overfull \hbox (8.10919pt too wide) in paragraph at lines 1575--1580
[]\T1/ptm/m/n/10 List of ad-di-tional meta-data in-clud-ing []\T1/zi4/m/n/10 ha
sh[]\T1/ptm/m/n/10 , []\T1/zi4/m/n/10 metrics_used[]\T1/ptm/m/n/10 , []\T1/zi4/
m/n/10 class_weights[]\T1/ptm/m/n/10 , []\T1/zi4/m/n/10 positive_class[]\T1/ptm
/m/n/10 ,
 []


Overfull \hbox (40.94011pt too wide) in paragraph at lines 1575--1580
[]\T1/zi4/m/n/10 sample_ids[]\T1/ptm/m/n/10 , []\T1/zi4/m/n/10 fold_status[]\T1
/ptm/m/n/10 , []\T1/zi4/m/n/10 refit[]\T1/ptm/m/n/10 , []\T1/zi4/m/n/10 final_m
odel []\T1/ptm/m/n/10 (re-fit-ted model if []\T1/zi4/m/n/10 refit = TRUE[]\T1/p
tm/m/n/10 ), []\T1/zi4/m/n/10 final_preprocess[]\T1/ptm/m/n/10 ,
 []


Overfull \hbox (5.24408pt too wide) in paragraph at lines 1612--1612
 []      \T1/zi4/m/n/9 as.numeric(stats::predict(object, newdata = as.data.fram
e(newdata), type = "response"))[] 
 []

[27] [28]
Overfull \hbox (3.95862pt too wide) in paragraph at lines 1727--1729
[]\T1/ptm/m/n/10 A list (S3 class []\T1/zi4/m/n/10 "LeakImpute"[]\T1/ptm/m/n/10
 ) with el-e-ments []\T1/zi4/m/n/10 train[]\T1/ptm/m/n/10 , []\T1/zi4/m/n/10 te
st[]\T1/ptm/m/n/10 , []\T1/zi4/m/n/10 model[]\T1/ptm/m/n/10 , []\T1/zi4/m/n/10 
method[]\T1/ptm/m/n/10 , []\T1/zi4/m/n/10 summary[]\T1/ptm/m/n/10 , and []\T1/z
i4/m/n/10 outliers[]\T1/ptm/m/n/10 . 
 []

[29]
LaTeX Font Info:    Trying to load font information for TS1+zi4 on input line 1
758.
 (/usr/local/texlive/2024/texmf-dist/tex/latex/inconsolata/ts1zi4.fd
File: ts1zi4.fd 2018/01/14 TS1/zi4 (Inconsolata)
)
LaTeX Font Info:    Font shape `TS1/zi4/m/n' will be
(Font)              scaled to size 10.0pt on input line 1758.

[30{/usr/local/texlive/2024/texmf-dist/fonts/enc/dvips/inconsolata/i4-ts1.enc}]

Overfull \hbox (36.42029pt too wide) in paragraph at lines 1883--1883
 []  \T1/zi4/m/n/10 mode = c("subject_grouped", "batch_blocked", "study_loocv",
 "time_series", "combined"),[] 
 []

[31]
Overfull \hbox (20.11781pt too wide) in paragraph at lines 1914--1915
[]\T1/ptm/m/n/10 one of "sub-ject_grouped","batch_blocked","study_loocv","time_
series","combined". 
 []

[32]
Overfull \hbox (1.86774pt too wide) in paragraph at lines 1950--1953
\T1/ptm/m/n/10 strat-i-fi-ca-tion is ap-plied at the group level (by ma-jor-ity
 class per group) if []\T1/zi4/m/n/10 outcome
 []


Overfull \hbox (1.21819pt too wide) in paragraph at lines 1976--1978
[]\T1/ptm/m/n/10 logical; dep-re-cated and ig-nored. `sub-ject_grouped` al-ways
 re-quires a non-NULL
 []


Overfull \hbox (49.92862pt too wide) in paragraph at lines 1985--1988
[]\T1/ptm/m/n/10 Character string in-di-cat-ing the split-ting mode ([]\T1/zi4/
m/n/10 "subject_grouped"[]\T1/ptm/m/n/10 , []\T1/zi4/m/n/10 "batch_blocked"[]\T
1/ptm/m/n/10 , []\T1/zi4/m/n/10 "study_loocv"[]\T1/ptm/m/n/10 ,
 []

[33] [34] [35] [36] [37] [38] [39] [40] [41] [42]
Overfull \hbox (26.42029pt too wide) in paragraph at lines 2561--2561
 []  \T1/zi4/m/n/10 leakage = c("none", "subject_overlap", "batch_confounded", 
"peek_norm", "lookahead"),[] 
 []


Overfull \hbox (19.57857pt too wide) in paragraph at lines 2600--2607
[]\T1/ptm/m/n/10 Character scalar. Leak-age mech-a-nism to in-ject; one of []\T
1/zi4/m/n/10 "none"[]\T1/ptm/m/n/10 , []\T1/zi4/m/n/10 "subject_overlap"[]\T1/p
tm/m/n/10 ,
 []


Overfull \hbox (51.24904pt too wide) in paragraph at lines 2600--2607
\T1/ptm/m/n/10 ex-tra pre-dic-tor: []\T1/zi4/m/n/10 "subject_overlap" []\T1/ptm
/m/n/10 adds per-subject mean out-come, []\T1/zi4/m/n/10 "batch_confounded"
 []

[43] [44]
Overfull \hbox (1.03755pt too wide) in paragraph at lines 2690--2693
[]\T1/ptm/b/n/10 lookahead leak-age\T1/ptm/m/n/10 : this func-tion shifts the b
i-nary out-come ([]\T1/zi4/m/n/10 c(y[-1], y[n])[]\T1/ptm/m/n/10 ); the manuscr
ipt
 []

[45] [46]
Package textcomp Info: Symbol \textasciigrave not provided by
(textcomp)             font family zi4 in TS1 encoding.
(textcomp)             Default family used instead on input line 2816.
LaTeX Font Info:    Trying to load font information for T1+cmtt on input line 2
816.
 (/usr/local/texlive/2024/texmf-dist/tex/latex/base/t1cmtt.fd
File: t1cmtt.fd 2023/04/13 v2.5m Standard LaTeX font definitions
)
LaTeX Font Info:    Trying to load font information for TS1+cmtt on input line 
2816.

(/usr/local/texlive/2024/texmf-dist/tex/latex/base/ts1cmtt.fd
File: ts1cmtt.fd 2023/04/13 v2.5m Standard LaTeX font definitions
)
Package textcomp Info: Symbol \textasciigrave not provided by
(textcomp)             font family zi4 in TS1 encoding.
(textcomp)             Default family used instead on input line 2816.

Overfull \hbox (14.8067pt too wide) in paragraph at lines 2868--2871
[]\T1/ptm/m/n/10 A [Leak-Fit] ob-ject re-turned by [fit_resample()]. It should 
con-tain `met-ric_summary`
 []

[47{/usr/local/texlive/2024/texmf-dist/fonts/enc/dvips/cm-super/cm-super-ts1.en
c}] [48] [49]
Overfull \hbox (6.75821pt too wide) in paragraph at lines 3019--3023
\T1/ptm/m/n/10 Ig-nored when `learner` is al-ready a work-flow. Recipe/workflow
 leak-age guardrails
 []


Overfull \hbox (20.02779pt too wide) in paragraph at lines 3027--3033
[]\T1/ptm/m/n/10 Character vec-tor of met-ric names (`auc`, `pr_auc`, `ac-cu-ra
cy`, `macro_f1`, `log_loss`,
 []

[50]
Overfull \hbox (44.23703pt too wide) in paragraph at lines 3065--3070
[]\T1/ptm/m/n/10 Optional named list/character vec-tor or `"auto"` (de-fault) o
ver-rid-ing group/batch/study/time
 []


Overfull \hbox (1.18794pt too wide) in paragraph at lines 3089--3092
[]\T1/ptm/m/n/10 Mean/SD met-rics across outer folds with columns []\T1/zi4/m/n
/10 learner[]\T1/ptm/m/n/10 , and []\T1/zi4/m/n/10 <metric>_mean
 []

[51]
(/private/var/folders/dr/pwksczrd3gg7sxbphrjs5twh0000gn/T/RtmpiTwgft/Rd2pdf14d7
05b7a5adc/Rd2.ind [52]

LaTeX Font Warning: Font shape `T1/zi4/m/it' undefined
(Font)              using `T1/zi4/m/n' instead on input line 63.

LaTeX Font Info:    Font shape `T1/zi4/m/it' will be
(Font)              scaled to size 10.0pt on input line 67.
[53

])
(/private/var/folders/dr/pwksczrd3gg7sxbphrjs5twh0000gn/T/RtmpiTwgft/Rd2pdf14d7
05b7a5adc/Rd2.aux)
 ***********
LaTeX2e <2023-11-01> patch level 1
L3 programming layer <2024-02-20>
 ***********


LaTeX Font Warning: Some font shapes were not available, defaults substituted.

Package rerunfilecheck Info: File `Rd2.out' has not changed.
(rerunfilecheck)             Checksum: 1F37CE053A4D6C133EE6D1A87BF6A11E;5758.
 ) 
Here is how much of TeX's memory you used:
 11012 strings out of 474116
 168301 string characters out of 5743682
 1942187 words of memory out of 5000000
 32847 multiletter control sequences out of 15000+600000
 600091 words of font info for 87 fonts, out of 8000000 for 9000
 1141 hyphenation exceptions out of 8191
 92i,6n,95p,330b,739s stack positions out of 10000i,1000n,20000p,200000b,200000s

pdfTeX warning (dest): name{Rfn.browseURL} has been referenced but does not exi
st, replaced by a fixed one

</usr/local/texlive/2024/texmf-dist/fonts/type1/public/inconsolata/Inconsolata-
zi4r.pfb></usr/local/texlive/2024/texmf-dist/fonts/type1/public/amsfonts/cm/cmm
i10.pfb></usr/local/texlive/2024/texmf-dist/fonts/type1/public/amsfonts/cm/cmmi
7.pfb></usr/local/texlive/2024/texmf-dist/fonts/type1/public/amsfonts/cm/cmr10.
pfb></usr/local/texlive/2024/texmf-dist/fonts/type1/public/amsfonts/cm/cmr7.pfb
></usr/local/texlive/2024/texmf-dist/fonts/type1/public/amsfonts/cm/cmsy10.pfb>
</usr/local/texlive/2024/texmf-dist/fonts/type1/public/cm-super/sftt0900.pfb></
usr/local/texlive/2024/texmf-dist/fonts/type1/urw/helvetic/uhvr8a.pfb></usr/loc
al/texlive/2024/texmf-dist/fonts/type1/urw/times/utmb8a.pfb></usr/local/texlive
/2024/texmf-dist/fonts/type1/urw/times/utmr8a.pfb></usr/local/texlive/2024/texm
f-dist/fonts/type1/urw/times/utmr8a.pfb></usr/local/texlive/2024/texmf-dist/fon
ts/type1/urw/times/utmri8a.pfb>
Output written on Rd2.pdf (53 pages, 267900 bytes).
PDF statistics:
 874 PDF objects out of 1000 (max. 8388607)
 786 compressed objects within 8 object streams
 324 named destinations out of 1000 (max. 500000)
 305 words of extra memory for PDF output out of 10000 (max. 10000000)

