\BOOKMARK [1][-]{Section.0.Introduction.1}{\376\377\000I\000n\000t\000r\000o\000d\000u\000c\000t\000i\000o\000n}{}% 1
\BOOKMARK [1][-]{Section.1.Data Leakage in Biomedical Machine Learning.1}{\376\377\000D\000a\000t\000a\000\040\000L\000e\000a\000k\000a\000g\000e\000\040\000i\000n\000\040\000B\000i\000o\000m\000e\000d\000i\000c\000a\000l\000\040\000M\000a\000c\000h\000i\000n\000e\000\040\000L\000e\000a\000r\000n\000i\000n\000g}{}% 2
\BOOKMARK [2][-]{Subsection.2.0.Preprocessing leakage.2}{\376\377\000P\000r\000e\000p\000r\000o\000c\000e\000s\000s\000i\000n\000g\000\040\000l\000e\000a\000k\000a\000g\000e}{Section.1.Data Leakage in Biomedical Machine Learning.1}% 3
\BOOKMARK [2][-]{Subsection.2.1.Dependent samples and subject overlap.2}{\376\377\000D\000e\000p\000e\000n\000d\000e\000n\000t\000\040\000s\000a\000m\000p\000l\000e\000s\000\040\000a\000n\000d\000\040\000s\000u\000b\000j\000e\000c\000t\000\040\000o\000v\000e\000r\000l\000a\000p}{Section.1.Data Leakage in Biomedical Machine Learning.1}% 4
\BOOKMARK [2][-]{Subsection.2.2.Batch and study confounding.2}{\376\377\000B\000a\000t\000c\000h\000\040\000a\000n\000d\000\040\000s\000t\000u\000d\000y\000\040\000c\000o\000n\000f\000o\000u\000n\000d\000i\000n\000g}{Section.1.Data Leakage in Biomedical Machine Learning.1}% 5
\BOOKMARK [2][-]{Subsection.2.3.Temporal look-ahead leakage.2}{\376\377\000T\000e\000m\000p\000o\000r\000a\000l\000\040\000l\000o\000o\000k\000-\000a\000h\000e\000a\000d\000\040\000l\000e\000a\000k\000a\000g\000e}{Section.1.Data Leakage in Biomedical Machine Learning.1}% 6
\BOOKMARK [2][-]{Subsection.2.4.Target leakage and duplicate samples.2}{\376\377\000T\000a\000r\000g\000e\000t\000\040\000l\000e\000a\000k\000a\000g\000e\000\040\000a\000n\000d\000\040\000d\000u\000p\000l\000i\000c\000a\000t\000e\000\040\000s\000a\000m\000p\000l\000e\000s}{Section.1.Data Leakage in Biomedical Machine Learning.1}% 7
\BOOKMARK [1][-]{Section.2.Overview of the bioLeak Package.1}{\376\377\000O\000v\000e\000r\000v\000i\000e\000w\000\040\000o\000f\000\040\000t\000h\000e\000\040\000b\000i\000o\000L\000e\000a\000k\000\040\000P\000a\000c\000k\000a\000g\000e}{}% 8
\BOOKMARK [1][-]{Section.3.Leakage-Aware Modeling Workflow.1}{\376\377\000L\000e\000a\000k\000a\000g\000e\000-\000A\000w\000a\000r\000e\000\040\000M\000o\000d\000e\000l\000i\000n\000g\000\040\000W\000o\000r\000k\000f\000l\000o\000w}{}% 9
\BOOKMARK [2][-]{Subsection.4.0.Constructing a split plan.2}{\376\377\000C\000o\000n\000s\000t\000r\000u\000c\000t\000i\000n\000g\000\040\000a\000\040\000s\000p\000l\000i\000t\000\040\000p\000l\000a\000n}{Section.3.Leakage-Aware Modeling Workflow.1}% 10
\BOOKMARK [2][-]{Subsection.4.1.Defining guarded preprocessing.2}{\376\377\000D\000e\000f\000i\000n\000i\000n\000g\000\040\000g\000u\000a\000r\000d\000e\000d\000\040\000p\000r\000e\000p\000r\000o\000c\000e\000s\000s\000i\000n\000g}{Section.3.Leakage-Aware Modeling Workflow.1}% 11
\BOOKMARK [2][-]{Subsection.4.2.Training naive and guarded comparators.2}{\376\377\000T\000r\000a\000i\000n\000i\000n\000g\000\040\000n\000a\000i\000v\000e\000\040\000a\000n\000d\000\040\000g\000u\000a\000r\000d\000e\000d\000\040\000c\000o\000m\000p\000a\000r\000a\000t\000o\000r\000s}{Section.3.Leakage-Aware Modeling Workflow.1}% 12
\BOOKMARK [2][-]{Subsection.4.3.Auditing a fitted workflow.2}{\376\377\000A\000u\000d\000i\000t\000i\000n\000g\000\040\000a\000\040\000f\000i\000t\000t\000e\000d\000\040\000w\000o\000r\000k\000f\000l\000o\000w}{Section.3.Leakage-Aware Modeling Workflow.1}% 13
\BOOKMARK [2][-]{Subsection.4.4.Generating an HTML audit report.2}{\376\377\000G\000e\000n\000e\000r\000a\000t\000i\000n\000g\000\040\000a\000n\000\040\000H\000T\000M\000L\000\040\000a\000u\000d\000i\000t\000\040\000r\000e\000p\000o\000r\000t}{Section.3.Leakage-Aware Modeling Workflow.1}% 14
\BOOKMARK [2][-]{Subsection.4.5.Putting the workflow together.2}{\376\377\000P\000u\000t\000t\000i\000n\000g\000\040\000t\000h\000e\000\040\000w\000o\000r\000k\000f\000l\000o\000w\000\040\000t\000o\000g\000e\000t\000h\000e\000r}{Section.3.Leakage-Aware Modeling Workflow.1}% 15
\BOOKMARK [2][-]{Subsection.4.6.Leakage-safe hyperparameter tuning.2}{\376\377\000L\000e\000a\000k\000a\000g\000e\000-\000s\000a\000f\000e\000\040\000h\000y\000p\000e\000r\000p\000a\000r\000a\000m\000e\000t\000e\000r\000\040\000t\000u\000n\000i\000n\000g}{Section.3.Leakage-Aware Modeling Workflow.1}% 16
\BOOKMARK [2][-]{Subsection.4.7.Practical workflow variants.2}{\376\377\000P\000r\000a\000c\000t\000i\000c\000a\000l\000\040\000w\000o\000r\000k\000f\000l\000o\000w\000\040\000v\000a\000r\000i\000a\000n\000t\000s}{Section.3.Leakage-Aware Modeling Workflow.1}% 17
\BOOKMARK [1][-]{Section.4.Quantifying Leakage Inflation (Delta LSI).1}{\376\377\000Q\000u\000a\000n\000t\000i\000f\000y\000i\000n\000g\000\040\000L\000e\000a\000k\000a\000g\000e\000\040\000I\000n\000f\000l\000a\000t\000i\000o\000n\000\040\000\050\000D\000e\000l\000t\000a\000\040\000L\000S\000I\000\051}{}% 18
\BOOKMARK [1][-]{Section.5.Simulation Study.1}{\376\377\000S\000i\000m\000u\000l\000a\000t\000i\000o\000n\000\040\000S\000t\000u\000d\000y}{}% 19
\BOOKMARK [2][-]{Subsection.6.0.Design.2}{\376\377\000D\000e\000s\000i\000g\000n}{Section.5.Simulation Study.1}% 20
\BOOKMARK [2][-]{Subsection.6.1.Main simulation summaries.2}{\376\377\000M\000a\000i\000n\000\040\000s\000i\000m\000u\000l\000a\000t\000i\000o\000n\000\040\000s\000u\000m\000m\000a\000r\000i\000e\000s}{Section.5.Simulation Study.1}% 21
\BOOKMARK [2][-]{Subsection.6.2.Supplementary split-mode and target-scan analyses.2}{\376\377\000S\000u\000p\000p\000l\000e\000m\000e\000n\000t\000a\000r\000y\000\040\000s\000p\000l\000i\000t\000-\000m\000o\000d\000e\000\040\000a\000n\000d\000\040\000t\000a\000r\000g\000e\000t\000-\000s\000c\000a\000n\000\040\000a\000n\000a\000l\000y\000s\000e\000s}{Section.5.Simulation Study.1}% 22
\BOOKMARK [1][-]{Section.6.Case Study.1}{\376\377\000C\000a\000s\000e\000\040\000S\000t\000u\000d\000y}{}% 23
\BOOKMARK [2][-]{Subsection.7.0.Data and workflow.2}{\376\377\000D\000a\000t\000a\000\040\000a\000n\000d\000\040\000w\000o\000r\000k\000f\000l\000o\000w}{Section.6.Case Study.1}% 24
\BOOKMARK [2][-]{Subsection.7.1.Stored results.2}{\376\377\000S\000t\000o\000r\000e\000d\000\040\000r\000e\000s\000u\000l\000t\000s}{Section.6.Case Study.1}% 25
\BOOKMARK [1][-]{Section.7.Software Design and Implementation.1}{\376\377\000S\000o\000f\000t\000w\000a\000r\000e\000\040\000D\000e\000s\000i\000g\000n\000\040\000a\000n\000d\000\040\000I\000m\000p\000l\000e\000m\000e\000n\000t\000a\000t\000i\000o\000n}{}% 26
\BOOKMARK [2][-]{Subsection.8.0.Object structure.2}{\376\377\000O\000b\000j\000e\000c\000t\000\040\000s\000t\000r\000u\000c\000t\000u\000r\000e}{Section.7.Software Design and Implementation.1}% 27
\BOOKMARK [2][-]{Subsection.8.1.Pipeline components.2}{\376\377\000P\000i\000p\000e\000l\000i\000n\000e\000\040\000c\000o\000m\000p\000o\000n\000e\000n\000t\000s}{Section.7.Software Design and Implementation.1}% 28
\BOOKMARK [2][-]{Subsection.8.2.Reproducibility features.2}{\376\377\000R\000e\000p\000r\000o\000d\000u\000c\000i\000b\000i\000l\000i\000t\000y\000\040\000f\000e\000a\000t\000u\000r\000e\000s}{Section.7.Software Design and Implementation.1}% 29
\BOOKMARK [2][-]{Subsection.8.3.Reproducing the paper artifacts.2}{\376\377\000R\000e\000p\000r\000o\000d\000u\000c\000i\000n\000g\000\040\000t\000h\000e\000\040\000p\000a\000p\000e\000r\000\040\000a\000r\000t\000i\000f\000a\000c\000t\000s}{Section.7.Software Design and Implementation.1}% 30
\BOOKMARK [2][-]{Subsection.8.4.Dependency structure.2}{\376\377\000D\000e\000p\000e\000n\000d\000e\000n\000c\000y\000\040\000s\000t\000r\000u\000c\000t\000u\000r\000e}{Section.7.Software Design and Implementation.1}% 31
\BOOKMARK [2][-]{Subsection.8.5.Relationship to existing software.2}{\376\377\000R\000e\000l\000a\000t\000i\000o\000n\000s\000h\000i\000p\000\040\000t\000o\000\040\000e\000x\000i\000s\000t\000i\000n\000g\000\040\000s\000o\000f\000t\000w\000a\000r\000e}{Section.7.Software Design and Implementation.1}% 32
\BOOKMARK [1][-]{Section.8.Discussion.1}{\376\377\000D\000i\000s\000c\000u\000s\000s\000i\000o\000n}{}% 33
\BOOKMARK [2][-]{Subsection.9.0.Software perspective.2}{\376\377\000S\000o\000f\000t\000w\000a\000r\000e\000\040\000p\000e\000r\000s\000p\000e\000c\000t\000i\000v\000e}{Section.8.Discussion.1}% 34
\BOOKMARK [2][-]{Subsection.9.1.Limitations.2}{\376\377\000L\000i\000m\000i\000t\000a\000t\000i\000o\000n\000s}{Section.8.Discussion.1}% 35
\BOOKMARK [2][-]{Subsection.9.2.Future extensions.2}{\376\377\000F\000u\000t\000u\000r\000e\000\040\000e\000x\000t\000e\000n\000s\000i\000o\000n\000s}{Section.8.Discussion.1}% 36
\BOOKMARK [1][-]{Section.9.Summary.1}{\376\377\000S\000u\000m\000m\000a\000r\000y}{}% 37
\BOOKMARK [1][-]{Section.10.Availability.1}{\376\377\000A\000v\000a\000i\000l\000a\000b\000i\000l\000i\000t\000y}{}% 38
\BOOKMARK [1][-]{Section..Delta LSI Case Study Output.1}{\376\377\000D\000e\000l\000t\000a\000\040\000L\000S\000I\000\040\000C\000a\000s\000e\000\040\000S\000t\000u\000d\000y\000\040\000O\000u\000t\000p\000u\000t}{}% 39
\BOOKMARK [1][-]{Section.A.Delta LSI Simulation.1}{\376\377\000D\000e\000l\000t\000a\000\040\000L\000S\000I\000\040\000S\000i\000m\000u\000l\000a\000t\000i\000o\000n}{}% 40
