This is pdfTeX, Version 3.141592653-2.6-1.40.28 (TeX Live 2025) (preloaded format=pdflatex 2026.1.9)  5 MAR 2026 21:39
entering extended mode
 restricted \write18 enabled.
 %&-line parsing enabled.
**\input ./Rd2.tex
(./Rd2.tex
(/Users/selcuk/Library/TinyTeX/texmf-dist/tex/latex/base/book.cls
Document Class: book 2025/01/22 v1.4n Standard LaTeX document class
(/Users/selcuk/Library/TinyTeX/texmf-dist/tex/latex/base/bk10.clo
File: bk10.clo 2025/01/22 v1.4n Standard LaTeX file (size option)
)
\c@part=\count275
\c@chapter=\count276
\c@section=\count277
\c@subsection=\count278
\c@subsubsection=\count279
\c@paragraph=\count280
\c@subparagraph=\count281
\c@figure=\count282
\c@table=\count283
\abovecaptionskip=\skip49
\belowcaptionskip=\skip50
\bibindent=\dimen148
) (/Library/Frameworks/R.framework/Resources/share/texmf/tex/latex/Rd.sty
Package: Rd 
 (/Users/selcuk/Library/TinyTeX/texmf-dist/tex/latex/base/ifthen.sty
Package: ifthen 2024/03/16 v1.1e Standard LaTeX ifthen package (DPC)
) (/Users/selcuk/Library/TinyTeX/texmf-dist/tex/generic/iftex/iftex.sty
Package: iftex 2024/12/12 v1.0g TeX engine tests
) (/Users/selcuk/Library/TinyTeX/texmf-dist/tex/latex/tools/longtable.sty
Package: longtable 2025-10-13 v4.24 Multi-page Table package (DPC)
\LTleft=\skip51
\LTright=\skip52
\LTpre=\skip53
\LTpost=\skip54
\LTchunksize=\count284
\LTcapwidth=\dimen149
\LT@head=\box53
\LT@firsthead=\box54
\LT@foot=\box55
\LT@lastfoot=\box56
\LT@gbox=\box57
\LT@cols=\count285
\LT@rows=\count286
\c@LT@tables=\count287
\c@LT@chunks=\count288
\LT@p@ftn=\toks17
) (/Users/selcuk/Library/TinyTeX/texmf-dist/tex/latex/tools/bm.sty
Package: bm 2025/10/21 v1.2g Bold Symbol Support (DPC/FMi)
\symboldoperators=\mathgroup4
\symboldletters=\mathgroup5
\symboldsymbols=\mathgroup6
Package bm Info: No bold for \OMX/cmex/m/n, using \pmb.
LaTeX Font Info:    Redeclaring math alphabet \mathbf on input line 149.
) (/Users/selcuk/Library/TinyTeX/texmf-dist/tex/latex/base/alltt.sty
Package: alltt 2024/07/07 v2.0g defines alltt environment
) (/Users/selcuk/Library/TinyTeX/texmf-dist/tex/latex/tools/verbatim.sty
Package: verbatim 2024-01-22 v1.5x LaTeX2e package for verbatim enhancements
\every@verbatim=\toks18
\verbatim@line=\toks19
\verbatim@in@stream=\read2
) (/Users/selcuk/Library/TinyTeX/texmf-dist/tex/latex/url/url.sty
\Urlmuskip=\muskip17
Package: url 2013/09/16  ver 3.4  Verb mode for urls, etc.
) (/Users/selcuk/Library/TinyTeX/texmf-dist/tex/latex/base/textcomp.sty
Package: textcomp 2024/04/24 v2.1b Standard LaTeX package
) (/Users/selcuk/Library/TinyTeX/texmf-dist/tex/latex/amsmath/amsmath.sty
Package: amsmath 2025/07/09 v2.17z AMS math features
\@mathmargin=\skip55

For additional information on amsmath, use the `?' option.
(/Users/selcuk/Library/TinyTeX/texmf-dist/tex/latex/amsmath/amstext.sty
Package: amstext 2024/11/17 v2.01 AMS text
 (/Users/selcuk/Library/TinyTeX/texmf-dist/tex/latex/amsmath/amsgen.sty
File: amsgen.sty 1999/11/30 v2.0 generic functions
\@emptytoks=\toks20
\ex@=\dimen150
)) (/Users/selcuk/Library/TinyTeX/texmf-dist/tex/latex/amsmath/amsbsy.sty
Package: amsbsy 1999/11/29 v1.2d Bold Symbols
LaTeX Info: Redefining \boldsymbol on input line 28.
\pmbraise@=\dimen151
) (/Users/selcuk/Library/TinyTeX/texmf-dist/tex/latex/amsmath/amsopn.sty
Package: amsopn 2022/04/08 v2.04 operator names
)
\inf@bad=\count289
LaTeX Info: Redefining \frac on input line 233.
\uproot@=\count290
\leftroot@=\count291
LaTeX Info: Redefining \overline on input line 398.
LaTeX Info: Redefining \colon on input line 409.
\classnum@=\count292
\DOTSCASE@=\count293
LaTeX Info: Redefining \ldots on input line 495.
LaTeX Info: Redefining \dots on input line 498.
LaTeX Info: Redefining \cdots on input line 619.
\Mathstrutbox@=\box58
\strutbox@=\box59
LaTeX Info: Redefining \big on input line 721.
LaTeX Info: Redefining \Big on input line 722.
LaTeX Info: Redefining \bigg on input line 723.
LaTeX Info: Redefining \Bigg on input line 724.
\big@size=\dimen152
LaTeX Font Info:    Redeclaring font encoding OML on input line 742.
LaTeX Font Info:    Redeclaring font encoding OMS on input line 743.
\macc@depth=\count294
LaTeX Info: Redefining \bmod on input line 904.
LaTeX Info: Redefining \pmod on input line 909.
LaTeX Info: Redefining \smash on input line 939.
LaTeX Info: Redefining \relbar on input line 969.
LaTeX Info: Redefining \Relbar on input line 970.
\c@MaxMatrixCols=\count295
\dotsspace@=\muskip18
\c@parentequation=\count296
\dspbrk@lvl=\count297
\tag@help=\toks21
\row@=\count298
\column@=\count299
\maxfields@=\count300
\andhelp@=\toks22
\eqnshift@=\dimen153
\alignsep@=\dimen154
\tagshift@=\dimen155
\tagwidth@=\dimen156
\totwidth@=\dimen157
\lineht@=\dimen158
\@envbody=\toks23
\multlinegap=\skip56
\multlinetaggap=\skip57
\mathdisplay@stack=\toks24
LaTeX Info: Redefining \[ on input line 2950.
LaTeX Info: Redefining \] on input line 2951.
) (/Users/selcuk/Library/TinyTeX/texmf-dist/tex/latex/amsfonts/amsfonts.sty
Package: amsfonts 2013/01/14 v3.01 Basic AMSFonts support
\symAMSa=\mathgroup7
\symAMSb=\mathgroup8
LaTeX Font Info:    Redeclaring math symbol \hbar on input line 98.
LaTeX Font Info:    Overwriting math alphabet `\mathfrak' in version `bold'
(Font)                  U/euf/m/n --> U/euf/b/n on input line 106.
) (/Users/selcuk/Library/TinyTeX/texmf-dist/tex/latex/amsfonts/amssymb.sty
Package: amssymb 2013/01/14 v3.01 AMS font symbols
) (/Users/selcuk/Library/TinyTeX/texmf-dist/tex/latex/amsfonts/eucal.sty
Package: eucal 2009/06/22 v3.00 Euler Script fonts
LaTeX Font Info:    Overwriting math alphabet `\EuScript' in version `bold'
(Font)                  U/eus/m/n --> U/eus/b/n on input line 33.
)
\ldescriptionwidth=\skip58
 (/Users/selcuk/Library/TinyTeX/texmf-dist/tex/latex/base/fontenc.sty
Package: fontenc 2025/07/18 v2.1d Standard LaTeX package
) (/Users/selcuk/Library/TinyTeX/texmf-dist/tex/latex/psnfss/times.sty
Package: times 2020/03/25 PSNFSS-v9.3 (SPQR) 
) (/Users/selcuk/Library/TinyTeX/texmf-dist/tex/latex/inconsolata/zi4.sty
Package: zi4 2019/05/17 v1.12
 `inconsolata-zi4' v1.12, 2019/05/17 Text macros for Inconsolata (msharpe) (/Users/selcuk/Library/TinyTeX/texmf-dist/tex/latex/xkeyval/xkeyval.sty
Package: xkeyval 2025/11/04 v2.10 package option processing (HA)
 (/Users/selcuk/Library/TinyTeX/texmf-dist/tex/generic/xkeyval/xkeyval.tex (/Users/selcuk/Library/TinyTeX/texmf-dist/tex/generic/xkeyval/xkvutils.tex
\XKV@toks=\toks25
\XKV@tempa@toks=\toks26
\XKV@tempb@toks=\toks27
 (/Users/selcuk/Library/TinyTeX/texmf-dist/tex/generic/xkeyval/keyval.tex))
\XKV@depth=\count301
File: xkeyval.tex 2014/12/03 v2.7a key=value parser (HA)
))
\zifour@ocount=\count302
) (/Users/selcuk/Library/TinyTeX/texmf-dist/tex/latex/graphics/color.sty
Package: color 2025/01/14 v1.3e Standard LaTeX Color (DPC)
 (/Users/selcuk/Library/TinyTeX/texmf-dist/tex/latex/graphics-cfg/color.cfg
File: color.cfg 2016/01/02 v1.6 sample color configuration
)
Package color Info: Driver file: pdftex.def on input line 149.
 (/Users/selcuk/Library/TinyTeX/texmf-dist/tex/latex/graphics-def/pdftex.def
File: pdftex.def 2025/09/29 v1.2d Graphics/color driver for pdftex
) (/Users/selcuk/Library/TinyTeX/texmf-dist/tex/latex/graphics/mathcolor.ltx)) (/Users/selcuk/Library/TinyTeX/texmf-dist/tex/latex/hyperref/hyperref.sty
Package: hyperref 2025-07-12 v7.01o Hypertext links for LaTeX
 (/Users/selcuk/Library/TinyTeX/texmf-dist/tex/latex/kvsetkeys/kvsetkeys.sty
Package: kvsetkeys 2022-10-05 v1.19 Key value parser (HO)
) (/Users/selcuk/Library/TinyTeX/texmf-dist/tex/generic/kvdefinekeys/kvdefinekeys.sty
Package: kvdefinekeys 2019-12-19 v1.6 Define keys (HO)
) (/Users/selcuk/Library/TinyTeX/texmf-dist/tex/generic/pdfescape/pdfescape.sty
Package: pdfescape 2019/12/09 v1.15 Implements pdfTeX's escape features (HO)
 (/Users/selcuk/Library/TinyTeX/texmf-dist/tex/generic/ltxcmds/ltxcmds.sty
Package: ltxcmds 2023-12-04 v1.26 LaTeX kernel commands for general use (HO)
) (/Users/selcuk/Library/TinyTeX/texmf-dist/tex/generic/pdftexcmds/pdftexcmds.sty
Package: pdftexcmds 2020-06-27 v0.33 Utility functions of pdfTeX for LuaTeX (HO)
 (/Users/selcuk/Library/TinyTeX/texmf-dist/tex/generic/infwarerr/infwarerr.sty
Package: infwarerr 2019/12/03 v1.5 Providing info/warning/error messages (HO)
)
Package pdftexcmds Info: \pdf@primitive is available.
Package pdftexcmds Info: \pdf@ifprimitive is available.
Package pdftexcmds Info: \pdfdraftmode found.
)) (/Users/selcuk/Library/TinyTeX/texmf-dist/tex/latex/hycolor/hycolor.sty
Package: hycolor 2020-01-27 v1.10 Color options for hyperref/bookmark (HO)
) (/Users/selcuk/Library/TinyTeX/texmf-dist/tex/latex/hyperref/nameref.sty
Package: nameref 2025-06-21 v2.57 Cross-referencing by name of section
 (/Users/selcuk/Library/TinyTeX/texmf-dist/tex/latex/refcount/refcount.sty
Package: refcount 2019/12/15 v3.6 Data extraction from label references (HO)
) (/Users/selcuk/Library/TinyTeX/texmf-dist/tex/generic/gettitlestring/gettitlestring.sty
Package: gettitlestring 2019/12/15 v1.6 Cleanup title references (HO)
 (/Users/selcuk/Library/TinyTeX/texmf-dist/tex/latex/kvoptions/kvoptions.sty
Package: kvoptions 2022-06-15 v3.15 Key value format for package options (HO)
))
\c@section@level=\count303
) (/Users/selcuk/Library/TinyTeX/texmf-dist/tex/latex/etoolbox/etoolbox.sty
Package: etoolbox 2025/10/02 v2.5m e-TeX tools for LaTeX (JAW)
\etb@tempcnta=\count304
) (/Users/selcuk/Library/TinyTeX/texmf-dist/tex/generic/stringenc/stringenc.sty
Package: stringenc 2019/11/29 v1.12 Convert strings between diff. encodings (HO)
)
\@linkdim=\dimen159
\Hy@linkcounter=\count305
\Hy@pagecounter=\count306
 (/Users/selcuk/Library/TinyTeX/texmf-dist/tex/latex/hyperref/pd1enc.def
File: pd1enc.def 2025-07-12 v7.01o Hyperref: PDFDocEncoding definition (HO)
Now handling font encoding PD1 ...
... no UTF-8 mapping file for font encoding PD1
) (/Users/selcuk/Library/TinyTeX/texmf-dist/tex/generic/intcalc/intcalc.sty
Package: intcalc 2019/12/15 v1.3 Expandable calculations with integers (HO)
)
\Hy@SavedSpaceFactor=\count307
 (/Users/selcuk/Library/TinyTeX/texmf-dist/tex/latex/hyperref/puenc.def
File: puenc.def 2025-07-12 v7.01o Hyperref: PDF Unicode definition (HO)
Now handling font encoding PU ...
... no UTF-8 mapping file for font encoding PU
)
Package hyperref Info: Hyper figures OFF on input line 4195.
Package hyperref Info: Link nesting OFF on input line 4200.
Package hyperref Info: Hyper index ON on input line 4203.
Package hyperref Info: Plain pages OFF on input line 4210.
Package hyperref Info: Backreferencing OFF on input line 4215.
Package hyperref Info: Implicit mode ON; LaTeX internals redefined.
Package hyperref Info: Bookmarks ON on input line 4462.
\c@Hy@tempcnt=\count308
LaTeX Info: Redefining \url on input line 4801.
\XeTeXLinkMargin=\dimen160
 (/Users/selcuk/Library/TinyTeX/texmf-dist/tex/generic/bitset/bitset.sty
Package: bitset 2019/12/09 v1.3 Handle bit-vector datatype (HO)
 (/Users/selcuk/Library/TinyTeX/texmf-dist/tex/generic/bigintcalc/bigintcalc.sty
Package: bigintcalc 2019/12/15 v1.5 Expandable calculations on big integers (HO)
))
\Fld@menulength=\count309
\Field@Width=\dimen161
\Fld@charsize=\dimen162
Package hyperref Info: Hyper figures OFF on input line 6078.
Package hyperref Info: Link nesting OFF on input line 6083.
Package hyperref Info: Hyper index ON on input line 6086.
Package hyperref Info: backreferencing OFF on input line 6093.
Package hyperref Info: Link coloring OFF on input line 6098.
Package hyperref Info: Link coloring with OCG OFF on input line 6103.
Package hyperref Info: PDF/A mode OFF on input line 6108.
\Hy@abspage=\count310
\c@Item=\count311
\c@Hfootnote=\count312
)
Package hyperref Info: Driver (autodetected): hpdftex.
 (/Users/selcuk/Library/TinyTeX/texmf-dist/tex/latex/hyperref/hpdftex.def
File: hpdftex.def 2025-07-12 v7.01o Hyperref driver for pdfTeX
\Fld@listcount=\count313
\c@bookmark@seq@number=\count314
 (/Users/selcuk/Library/TinyTeX/texmf-dist/tex/latex/rerunfilecheck/rerunfilecheck.sty
Package: rerunfilecheck 2025-06-21 v1.11 Rerun checks for auxiliary files (HO)
 (/Users/selcuk/Library/TinyTeX/texmf-dist/tex/generic/uniquecounter/uniquecounter.sty
Package: uniquecounter 2019/12/15 v1.4 Provide unlimited unique counter (HO)
)
Package uniquecounter Info: New unique counter `rerunfilecheck' on input line 284.
)
\Hy@SectionHShift=\skip59
)
Package hyperref Info: Option `colorlinks' set `true' on input line 413.
Package hyperref Info: Option `linktocpage' set `true' on input line 413.
Package hyperref Info: Option `plainpages' set `false' on input line 413.
LaTeX Encoding Info:    Ignoring declaration for text command \textdegree (encoding ?) on input line 462.
LaTeX Encoding Info:    Ignoring declaration for text command \textonehalf (encoding ?) on input line 463.
LaTeX Encoding Info:    Ignoring declaration for text command \textonequarter (encoding ?) on input line 464.
LaTeX Encoding Info:    Ignoring declaration for text command \textthreequarters (encoding ?) on input line 465.
LaTeX Encoding Info:    Ignoring declaration for text command \textcent (encoding ?) on input line 466.
LaTeX Encoding Info:    Ignoring declaration for text command \textyen (encoding ?) on input line 467.
LaTeX Encoding Info:    Ignoring declaration for text command \textcurrency (encoding ?) on input line 468.
LaTeX Encoding Info:    Ignoring declaration for text command \textbrokenbar (encoding ?) on input line 469.
LaTeX Encoding Info:    Ignoring declaration for text command \texteuro (encoding ?) on input line 470.
) (/Users/selcuk/Library/TinyTeX/texmf-dist/tex/latex/base/makeidx.sty
Package: makeidx 2021/10/04 v1.0m Standard LaTeX package
)
\@indexfile=\write3
\openout3 = `Rd2.idx'.


Writing index file Rd2.idx
LaTeX Font Info:    Trying to load font information for T1+ptm on input line 8.
(/Users/selcuk/Library/TinyTeX/texmf-dist/tex/latex/psnfss/t1ptm.fd
File: t1ptm.fd 2001/06/04 font definitions for T1/ptm.
) (/Users/selcuk/Library/TinyTeX/texmf-dist/tex/latex/l3backend/l3backend-pdftex.def
File: l3backend-pdftex.def 2025-10-09 L3 backend support: PDF output (pdfTeX)
\l__color_backend_stack_int=\count315
) (/private/var/folders/dj/y28dp44x303ggfg6rg8n2v0h0000gn/T/RtmpydCKyd/Rd2pdfd2a455cf970f/Rd2.aux)
\openout1 = `Rd2.aux'.

LaTeX Font Info:    Checking defaults for OML/cmm/m/it on input line 8.
LaTeX Font Info:    ... okay on input line 8.
LaTeX Font Info:    Checking defaults for OMS/cmsy/m/n on input line 8.
LaTeX Font Info:    ... okay on input line 8.
LaTeX Font Info:    Checking defaults for OT1/cmr/m/n on input line 8.
LaTeX Font Info:    ... okay on input line 8.
LaTeX Font Info:    Checking defaults for T1/cmr/m/n on input line 8.
LaTeX Font Info:    ... okay on input line 8.
LaTeX Font Info:    Checking defaults for TS1/cmr/m/n on input line 8.
LaTeX Font Info:    ... okay on input line 8.
LaTeX Font Info:    Checking defaults for OMX/cmex/m/n on input line 8.
LaTeX Font Info:    ... okay on input line 8.
LaTeX Font Info:    Checking defaults for U/cmr/m/n on input line 8.
LaTeX Font Info:    ... okay on input line 8.
LaTeX Font Info:    Checking defaults for PD1/pdf/m/n on input line 8.
LaTeX Font Info:    ... okay on input line 8.
LaTeX Font Info:    Checking defaults for PU/pdf/m/n on input line 8.
LaTeX Font Info:    ... okay on input line 8.
Package hyperref Info: Link coloring ON on input line 8.
 (/private/var/folders/dj/y28dp44x303ggfg6rg8n2v0h0000gn/T/RtmpydCKyd/Rd2pdfd2a455cf970f/Rd2.out) (/private/var/folders/dj/y28dp44x303ggfg6rg8n2v0h0000gn/T/RtmpydCKyd/Rd2pdfd2a455cf970f/Rd2.out)
\@outlinefile=\write4
\openout4 = `Rd2.out'.

LaTeX Font Info:    Trying to load font information for T1+zi4 on input line 27.
 (/Users/selcuk/Library/TinyTeX/texmf-dist/tex/latex/inconsolata/t1zi4.fd
File: t1zi4.fd 2018/01/14 T1/zi4 (Inconsolata)
)
LaTeX Font Info:    Font shape `T1/zi4/m/n' will be
(Font)              scaled to size 10.0pt on input line 27.
LaTeX Font Info:    Trying to load font information for U+msa on input line 27.
 (/Users/selcuk/Library/TinyTeX/texmf-dist/tex/latex/amsfonts/umsa.fd
File: umsa.fd 2013/01/14 v3.01 AMS symbols A
)
LaTeX Font Info:    Trying to load font information for U+msb on input line 27.
 (/Users/selcuk/Library/TinyTeX/texmf-dist/tex/latex/amsfonts/umsb.fd
File: umsb.fd 2013/01/14 v3.01 AMS symbols B
) (/private/var/folders/dj/y28dp44x303ggfg6rg8n2v0h0000gn/T/RtmpydCKyd/Rd2pdfd2a455cf970f/Rd2.toc [1


{/Users/selcuk/Library/TinyTeX/texmf-var/fonts/map/pdftex/updmap/pdftex.map}{/Users/selcuk/Library/TinyTeX/texmf-dist/fonts/enc/dvips/base/8r.enc}{/Users/selcuk/Library/TinyTeX/texmf-dist/fonts/enc/dvips/inconsolata/i4-t1-0.enc}])
\tf@toc=\write5
\openout5 = `Rd2.toc'.


Overfull \hbox (17.11757pt too wide) in paragraph at lines 65--67
[]\T1/ptm/m/n/10 Logical; if TRUE, at-tempts to cap-ture the cur-rent git short SHA via []\T1/zi4/m/n/10 system2("git",
 []

[2]
Overfull \hbox (9.97678pt too wide) in paragraph at lines 107--110
[]\T1/ptm/m/n/10 Converts char-ac-ter/logical columns to fac-tors and aligns fac-tor lev-els with a training-time []\T1/zi4/m/n/10 levels_map[]\T1/ptm/m/n/10 .
 []

[3]
LaTeX Font Info:    Trying to load font information for TS1+ptm on input line 165.
 (/Users/selcuk/Library/TinyTeX/texmf-dist/tex/latex/psnfss/ts1ptm.fd
File: ts1ptm.fd 2001/06/04 font definitions for TS1/ptm.
)
LaTeX Font Info:    Font shape `T1/zi4/m/n' will be
(Font)              scaled to size 9.0pt on input line 185.
 [4]
Overfull \hbox (38.47618pt too wide) in paragraph at lines 227--231
[]\T1/ptm/m/n/10 Builds a clo-sure that gen-er-ates per-muted out-come vec-tors per fold while re-spect-ing group-ing/batch/study/time
 []

[5] [6] [7]
Overfull \hbox (8.08014pt too wide) in paragraph at lines 419--419
 []  \T1/zi4/m/n/10 metric = c("auc", "pr_auc", "accuracy", "macro_f1", "log_loss", "rmse", "cindex"),[] 
 []

[8]
Overfull \hbox (22.58788pt too wide) in paragraph at lines 463--467
[]\T1/ptm/m/n/10 Character scalar. One of `"auc"`, `"pr_auc"`, `"ac-cu-racy"`, `"macro_f1"`, `"log_loss"`,
 []

[9]
Overfull \hbox (28.38696pt too wide) in paragraph at lines 490--496
\T1/ptm/m/n/10 Op-tional el-e-ments: `out-come` (de-faults to `fit@outcome`), `pre-pro-cess`, `learner_args`,
 []


Overfull \hbox (3.5367pt too wide) in paragraph at lines 497--501
\T1/ptm/m/n/10 `"time_series"`. De-faults to the split meta-data when avail-able (in-clud-ing rsample-
 []

[10]
Overfull \hbox (47.47655pt too wide) in paragraph at lines 573--577
[]\T1/ptm/m/n/10 Character scalar. Multiple-testing cor-rec-tion method ap-plied to fi-nite `tar-get_assoc$p_value`
 []


Overfull \hbox (13.05786pt too wide) in paragraph at lines 578--580
[]\T1/ptm/m/n/10 Numeric scalar in (0,1). Sig-nif-i-cance level used for `flag_fdr` when `tar-get_p_adjust
 []

[11]
Overfull \hbox (4.01634pt too wide) in paragraph at lines 624--638
\T1/ptm/m/n/10 (`stat`, `df`, `pval`, `cramer_v`). `tar-get_assoc` re-ports feature-wise out-come as-so-ci-a-tions on `X_ref`;
 []


Overfull \hbox (15.01695pt too wide) in paragraph at lines 639--647
[]\T1/ptm/m/n/10 Duplicate de-tec-tion com-pares rows of `X_ref` us-ing the cho-sen `sim_method` (co-sine on L2-normalized
 []


Overfull \hbox (27.63805pt too wide) in paragraph at lines 670--677
[]\T1/ptm/m/n/10 Data.frame of per-feature out-come as-so-ci-a-tions with columns: []\T1/zi4/m/n/10 feature[]\T1/ptm/m/n/10 , []\T1/zi4/m/n/10 type []\T1/ptm/m/n/10 ([]\T1/zi4/m/n/10 "numeric"
 []


Overfull \hbox (13.289pt too wide) in paragraph at lines 670--677
[]\T1/zi4/m/n/10 value[]\T1/ptm/m/n/10 , []\T1/zi4/m/n/10 score []\T1/ptm/m/n/10 (scaled ef-fect size), []\T1/zi4/m/n/10 p_value[]\T1/ptm/m/n/10 , []\T1/zi4/m/n/10 n[]\T1/ptm/m/n/10 , and []\T1/zi4/m/n/10 flag []\T1/ptm/m/n/10 (TRUE if []\T1/zi4/m/n/10 score >= target_threshold[]\T1/ptm/m/n/10 ).
 []


Overfull \hbox (4.86696pt too wide) in paragraph at lines 681--684
[]\T1/ptm/m/n/10 List cap-tur-ing au-dit pa-ram-e-ters and in-ter-me-di-ate re-sults for re-pro-ducibil-ity, in-clud-ing []\T1/zi4/m/n/10 metric[]\T1/ptm/m/n/10 ,
 []


Overfull \hbox (27.46732pt too wide) in paragraph at lines 684--686
[]\T1/ptm/m/n/10 List with ad-di-tional meta-data in-clud-ing mul-ti-vari-ate scan re-sults when []\T1/zi4/m/n/10 target_scan_multivariate
 []

[12]
Overfull \hbox (8.08014pt too wide) in paragraph at lines 744--744
 []  \T1/zi4/m/n/10 metric = c("auc", "pr_auc", "accuracy", "macro_f1", "log_loss", "rmse", "cindex"),[] 
 []

[13]
Overfull \hbox (22.58788pt too wide) in paragraph at lines 759--762
[]\T1/ptm/m/n/10 Character scalar. One of `"auc"`, `"pr_auc"`, `"ac-cu-racy"`, `"macro_f1"`, `"log_loss"`,
 []


Overfull \hbox (14.06697pt too wide) in paragraph at lines 775--789
\T1/ptm/m/n/10 tions), `perm_stratify` (log-i-cal or `"auto"`), `perm_refit` (log-i-cal), `perm_refit_spec`
 []


Overfull \hbox (21.09729pt too wide) in paragraph at lines 775--789
\T1/ptm/m/n/10 te-ger), `re-turn_perm` (log-i-cal), `batch_cols` (char-ac-ter vec-tor), `col-data` (data.frame),
 []


Overfull \hbox (4.09712pt too wide) in paragraph at lines 775--789
\T1/ptm/m/n/10 `X_ref` (ma-trix/data.frame), `tar-get_scan` (log-i-cal), `tar-get_threshold` (nu-meric),
 []


Overfull \hbox (20.55829pt too wide) in paragraph at lines 793--802
\T1/ptm/m/n/10 Use []\T1/zi4/m/n/10 names() []\T1/ptm/m/n/10 to re-trieve learner IDs, and ac-cess in-di-vid-ual au-dits with []\T1/zi4/m/n/10 [[learner_id]] []\T1/ptm/m/n/10 or []\T1/zi4/m/n/10 $learner_id[]\T1/ptm/m/n/10 .
 []

[14]
Overfull \hbox (30.11668pt too wide) in paragraph at lines 871--877
[]\T1/ptm/m/n/10 A [LeakAu-dit] ob-ject from [au-dit_leakage()] or a [Leak-Fit] ob-ject from [fit_resample()].
 []

[15]
Overfull \hbox (49.36647pt too wide) in paragraph at lines 878--882
[]\T1/ptm/m/n/10 Character scalar. File name for the HTML re-port. De-faults to `"bi-oLeak_audit_report.html"`.
 []


Overfull \hbox (21.18684pt too wide) in paragraph at lines 896--903
\T1/ptm/m/n/10 `perm_stratify` (log-i-cal), `batch_cols` (char-ac-ter vec-tor), `X_ref` (ma-trix/data.frame),
 []

[16]
Overfull \hbox (31.42029pt too wide) in paragraph at lines 987--987
 []  \T1/zi4/m/n/10 leakages = c("none", "subject_overlap", "batch_confounded", "peek_norm", "lookahead"),[] 
 []

[17]
Overfull \hbox (19.07729pt too wide) in paragraph at lines 1000--1002
[]\T1/ptm/m/n/10 Character vec-tor se-lect-ing pre-de-fined modal-ity pro-files. Sup-ported val-ues: `"omics"`,
 []


Overfull \hbox (1.7162pt too wide) in paragraph at lines 1023--1027
[]\T1/ptm/m/n/10 A data.frame with one row per sim-u-la-tion seed/scenario and columns: `modal-ity`, `leak-age`, `mode`,
 []

[18]
Overfull \hbox (67.50697pt too wide) in paragraph at lines 1111--1113
[]\T1/ptm/m/n/10 A data.frame of sam-ple meta-data. When []\T1/zi4/m/n/10 NULL []\T1/ptm/m/n/10 (de-fault), the func-tion uses []\T1/zi4/m/n/10 splits@info$coldata
 []


Overfull \hbox (10.81876pt too wide) in paragraph at lines 1114--1118
\T1/ptm/m/n/10 the func-tion in-fers columns from the split mode (e.g., []\T1/zi4/m/n/10 group []\T1/ptm/m/n/10 for []\T1/zi4/m/n/10 subject_grouped[]\T1/ptm/m/n/10 ,
 []

[19]
Overfull \hbox (18.96742pt too wide) in paragraph at lines 1155--1157
[]\T1/ptm/m/n/10 Character vec-tor of columns in `col-data` to eval-u-ate. De-faults to com-mon batch/study
 []

[20]
Overfull \hbox (12.02832pt too wide) in paragraph at lines 1232--1234
[]\T1/ptm/m/n/10 Data.frame with columns []\T1/zi4/m/n/10 fold[]\T1/ptm/m/n/10 , []\T1/zi4/m/n/10 learner[]\T1/ptm/m/n/10 , and one or more nu-meric met-ric columns. 
 []


Overfull \hbox (46.10905pt too wide) in paragraph at lines 1239--1241
[]\T1/ptm/m/n/10 Average num-ber of train-ing sam-ples per fold. Used only when []\T1/zi4/m/n/10 method = "nadeau_bengio"[]\T1/ptm/m/n/10 .
 []

[21]
Overfull \hbox (28.8891pt too wide) in paragraph at lines 1242--1244
[]\T1/ptm/m/n/10 Average num-ber of test sam-ples per fold. Used only when []\T1/zi4/m/n/10 method = "nadeau_bengio"[]\T1/ptm/m/n/10 .
 []


Overfull \hbox (34.99854pt too wide) in paragraph at lines 1248--1251
[]\T1/ptm/m/n/10 A data.frame with []\T1/zi4/m/n/10 learner []\T1/ptm/m/n/10 and, for each met-ric, columns []\T1/zi4/m/n/10 <metric>_mean[]\T1/ptm/m/n/10 , []\T1/zi4/m/n/10 <metric>_sd[]\T1/ptm/m/n/10 , []\T1/zi4/m/n/10 <metric>_ci_lo[]\T1/ptm/m/n/10 ,
 []


Overfull \hbox (24.09653pt too wide) in paragraph at lines 1255--1257
[]\T1/ptm/m/n/10 Performs cross-validated model train-ing and eval-u-a-tion us-ing leakage-protected pre-pro-cess-ing (.guard_fit)
 []


Overfull \hbox (26.38962pt too wide) in paragraph at lines 1266--1266
 []    \T1/zi4/m/n/10 "zscore"), filter = list(var_thresh = 0, iqr_thresh = 0), fs = list(method = "none")),[] 
 []

[22]
Overfull \hbox (0.72862pt too wide) in paragraph at lines 1306--1314
\T1/ptm/m/n/10 tion should ac-cept []\T1/zi4/m/n/10 object[]\T1/ptm/m/n/10 , []\T1/zi4/m/n/10 newdata[]\T1/ptm/m/n/10 , and []\T1/zi4/m/n/10 task[]\T1/ptm/m/n/10 . For bi-no-mial/regression/survival
 []


Overfull \hbox (8.25684pt too wide) in paragraph at lines 1315--1319
[]\T1/ptm/m/n/10 named list of met-ric func-tions, vec-tor of met-ric names, or a `yard-stick::metric_set`.
 []


Overfull \hbox (44.23703pt too wide) in paragraph at lines 1337--1342
[]\T1/ptm/m/n/10 Optional named list/character vec-tor or `"auto"` (de-fault) over-rid-ing group/batch/study/time
 []


Overfull \hbox (18.7869pt too wide) in paragraph at lines 1343--1346
\T1/ptm/m/n/10 in-side the fit to en-able refit-based per-mu-ta-tion tests with-out man-ual `perm_refit_spec`
 []

[23]
Overfull \hbox (31.32895pt too wide) in paragraph at lines 1392--1395
[]\T1/ptm/m/n/10 Character string in-di-cat-ing the task type ([]\T1/zi4/m/n/10 "binomial"[]\T1/ptm/m/n/10 , []\T1/zi4/m/n/10 "multiclass"[]\T1/ptm/m/n/10 , []\T1/zi4/m/n/10 "gaussian"[]\T1/ptm/m/n/10 , or []\T1/zi4/m/n/10 "survival"[]\T1/ptm/m/n/10 ). 
 []


Overfull \hbox (8.10919pt too wide) in paragraph at lines 1397--1402
[]\T1/ptm/m/n/10 List of ad-di-tional meta-data in-clud-ing []\T1/zi4/m/n/10 hash[]\T1/ptm/m/n/10 , []\T1/zi4/m/n/10 metrics_used[]\T1/ptm/m/n/10 , []\T1/zi4/m/n/10 class_weights[]\T1/ptm/m/n/10 , []\T1/zi4/m/n/10 positive_class[]\T1/ptm/m/n/10 ,
 []


Overfull \hbox (40.94011pt too wide) in paragraph at lines 1397--1402
[]\T1/zi4/m/n/10 sample_ids[]\T1/ptm/m/n/10 , []\T1/zi4/m/n/10 fold_status[]\T1/ptm/m/n/10 , []\T1/zi4/m/n/10 refit[]\T1/ptm/m/n/10 , []\T1/zi4/m/n/10 final_model []\T1/ptm/m/n/10 (re-fit-ted model if []\T1/zi4/m/n/10 refit = TRUE[]\T1/ptm/m/n/10 ), []\T1/zi4/m/n/10 final_preprocess[]\T1/ptm/m/n/10 ,
 []

[24]
Overfull \hbox (5.24408pt too wide) in paragraph at lines 1434--1434
 []      \T1/zi4/m/n/9 as.numeric(stats::predict(object, newdata = as.data.frame(newdata), type = "response"))[] 
 []

[25] [26] [27]
Overfull \hbox (36.42029pt too wide) in paragraph at lines 1649--1649
 []  \T1/zi4/m/n/10 mode = c("subject_grouped", "batch_blocked", "study_loocv", "time_series", "combined"),[] 
 []


Overfull \hbox (20.11781pt too wide) in paragraph at lines 1680--1681
[]\T1/ptm/m/n/10 one of "sub-ject_grouped","batch_blocked","study_loocv","time_series","combined". 
 []

[28]
Overfull \hbox (1.86774pt too wide) in paragraph at lines 1716--1719
\T1/ptm/m/n/10 strat-i-fi-ca-tion is ap-plied at the group level (by ma-jor-ity class per group) if []\T1/zi4/m/n/10 outcome
 []


Overfull \hbox (1.21819pt too wide) in paragraph at lines 1742--1744
[]\T1/ptm/m/n/10 logical; dep-re-cated and ig-nored. `sub-ject_grouped` al-ways re-quires a non-NULL
 []


Overfull \hbox (49.92862pt too wide) in paragraph at lines 1751--1754
[]\T1/ptm/m/n/10 Character string in-di-cat-ing the split-ting mode ([]\T1/zi4/m/n/10 "subject_grouped"[]\T1/ptm/m/n/10 , []\T1/zi4/m/n/10 "batch_blocked"[]\T1/ptm/m/n/10 , []\T1/zi4/m/n/10 "study_loocv"[]\T1/ptm/m/n/10 ,
 []

[29] [30] [31] [32] [33] [34] [35] [36] [37]
LaTeX Font Info:    Trying to load font information for TS1+zi4 on input line 2264.
 (/Users/selcuk/Library/TinyTeX/texmf-dist/tex/latex/inconsolata/ts1zi4.fd
File: ts1zi4.fd 2018/01/14 TS1/zi4 (Inconsolata)
)
LaTeX Font Info:    Font shape `TS1/zi4/m/n' will be
(Font)              scaled to size 10.0pt on input line 2264.
 [38{/Users/selcuk/Library/TinyTeX/texmf-dist/fonts/enc/dvips/inconsolata/i4-ts1.enc}]
Overfull \hbox (26.42029pt too wide) in paragraph at lines 2318--2318
 []  \T1/zi4/m/n/10 leakage = c("none", "subject_overlap", "batch_confounded", "peek_norm", "lookahead"),[] 
 []

[39]
Overfull \hbox (19.57857pt too wide) in paragraph at lines 2357--2364
[]\T1/ptm/m/n/10 Character scalar. Leak-age mech-a-nism to in-ject; one of []\T1/zi4/m/n/10 "none"[]\T1/ptm/m/n/10 , []\T1/zi4/m/n/10 "subject_overlap"[]\T1/ptm/m/n/10 ,
 []


Overfull \hbox (51.24904pt too wide) in paragraph at lines 2357--2364
\T1/ptm/m/n/10 ex-tra pre-dic-tor: []\T1/zi4/m/n/10 "subject_overlap" []\T1/ptm/m/n/10 adds per-subject mean out-come, []\T1/zi4/m/n/10 "batch_confounded"
 []

[40] [41] [42]
LaTeX Info: Symbol \textasciigrave not provided by
            font family zi4 in TS1 encoding.
            Default family used instead on input line 2546.
LaTeX Info: Symbol \textasciigrave not provided by
            font family zi4 in TS1 encoding.
            Default family used instead on input line 2546.

Overfull \hbox (14.8067pt too wide) in paragraph at lines 2569--2572
[]\T1/ptm/m/n/10 A [Leak-Fit] ob-ject re-turned by [fit_resample()]. It should con-tain `met-ric_summary`
 []

[43] [44] [45]
Overfull \hbox (6.75821pt too wide) in paragraph at lines 2718--2722
\T1/ptm/m/n/10 Ig-nored when `learner` is al-ready a work-flow. Recipe/workflow leak-age guardrails
 []


Overfull \hbox (20.02779pt too wide) in paragraph at lines 2726--2732
[]\T1/ptm/m/n/10 Character vec-tor of met-ric names (`auc`, `pr_auc`, `ac-cu-racy`, `macro_f1`, `log_loss`,
 []


Overfull \hbox (44.23703pt too wide) in paragraph at lines 2764--2769
[]\T1/ptm/m/n/10 Optional named list/character vec-tor or `"auto"` (de-fault) over-rid-ing group/batch/study/time
 []

[46]
Overfull \hbox (1.18794pt too wide) in paragraph at lines 2788--2791
[]\T1/ptm/m/n/10 Mean/SD met-rics across outer folds with columns []\T1/zi4/m/n/10 learner[]\T1/ptm/m/n/10 , and []\T1/zi4/m/n/10 <metric>_mean
 []

No file Rd2.ind.
[47] (/private/var/folders/dj/y28dp44x303ggfg6rg8n2v0h0000gn/T/RtmpydCKyd/Rd2pdfd2a455cf970f/Rd2.aux)
 ***********
LaTeX2e <2025-11-01>
L3 programming layer <2025-12-29>
 ***********
Package rerunfilecheck Info: File `Rd2.out' has not changed.
(rerunfilecheck)             Checksum: E82BD1239B64E4536B54CFA7248C16BB;5428.
 ) 
Here is how much of TeX's memory you used:
 10633 strings out of 469519
 162219 string characters out of 5469080
 567751 words of memory out of 5000000
 38818 multiletter control sequences out of 15000+600000
 660885 words of font info for 82 fonts, out of 8000000 for 9000
 14 hyphenation exceptions out of 8191
 92i,6n,95p,296b,784s stack positions out of 10000i,1000n,20000p,200000b,200000s

pdfTeX warning (dest): name{Rfn.browseURL} has been referenced but does not exist, replaced by a fixed one

 </Users/selcuk/Library/TinyTeX/texmf-var/fonts/pk/ljfour/jknappen/ec/tctt0900.600pk></Users/selcuk/Library/TinyTeX/texmf-dist/fonts/type1/public/inconsolata/Inconsolata-zi4r.pfb></Users/selcuk/Library/TinyTeX/texmf-dist/fonts/type1/urw/times/utmb8a.pfb></Users/selcuk/Library/TinyTeX/texmf-dist/fonts/type1/urw/times/utmr8a.pfb></Users/selcuk/Library/TinyTeX/texmf-dist/fonts/type1/urw/times/utmr8a.pfb></Users/selcuk/Library/TinyTeX/texmf-dist/fonts/type1/urw/times/utmri8a.pfb>
Output written on Rd2.pdf (47 pages, 184381 bytes).
PDF statistics:
 712 PDF objects out of 1000 (max. 8388607)
 644 compressed objects within 7 object streams
 298 named destinations out of 1000 (max. 500000)
 281 words of extra memory for PDF output out of 10000 (max. 10000000)

